date:2022-05-07 15:45:38	thread:main	X-Track:	level:WARN 	logger:org.mybatis.spring.mapper.ClassPathMapperScanner	message:No MyBatis mapper was found in '[com.example.javaweb.domain.repository]' package. Please check your configuration.
date:2022-05-07 15:45:41	thread:main	X-Track:	level:INFO 	logger:o.springframework.web.servlet.DispatcherServlet 	message:Initializing Servlet 'appServlet'
date:2022-05-07 15:45:41	thread:main	X-Track:	level:TRACE	logger:o.s.w.s.m.m.a.RequestMappingHandlerMapping      	message:
  	c.e.j.a.w.HelloController:
  	{[GET, POST] [/]}: home(Locale,Model)
date:2022-05-07 15:45:41	thread:main	X-Track:	level:DEBUG	logger:o.s.w.s.m.m.a.RequestMappingHandlerMapping      	message:1 mappings in 'org.springframework.web.servlet.mvc.method.annotation.RequestMappingHandlerMapping'
date:2022-05-07 15:45:44	thread:main	X-Track:	level:INFO 	logger:o.springframework.web.servlet.DispatcherServlet 	message:Completed initialization in 2958 ms
date:2022-05-07 15:45:44	thread:http-nio-8080-exec-1	X-Track:aea10d2d4619459799fc95df934f2b01	level:TRACE	logger:o.s.w.s.m.m.a.RequestMappingHandlerMapping      	message:Mapped to com.example.javaweb.app.welcome.HelloController#home(Locale, Model)
date:2022-05-07 15:45:44	thread:http-nio-8080-exec-1	X-Track:aea10d2d4619459799fc95df934f2b01	level:TRACE	logger:o.t.gfw.web.logging.TraceLoggingInterceptor     	message:[START CONTROLLER] HelloController.home(Locale,Model)
date:2022-05-07 15:45:44	thread:http-nio-8080-exec-1	X-Track:aea10d2d4619459799fc95df934f2b01	level:INFO 	logger:com.example.javaweb.app.welcome.HelloController 	message:Welcome home! The client locale is ja_JP.
date:2022-05-07 15:45:44	thread:http-nio-8080-exec-1	X-Track:aea10d2d4619459799fc95df934f2b01	level:TRACE	logger:o.t.gfw.web.logging.TraceLoggingInterceptor     	message:[END CONTROLLER  ] HelloController.home(Locale,Model)-> view=welcome/home, model={serverTime=2022/05/07 15:45:44 UTC}
date:2022-05-07 15:45:44	thread:http-nio-8080-exec-1	X-Track:aea10d2d4619459799fc95df934f2b01	level:TRACE	logger:o.t.gfw.web.logging.TraceLoggingInterceptor     	message:[HANDLING TIME   ] HelloController.home(Locale,Model)-> 68,842,100 ns
date:2022-05-07 15:45:50	thread:http-nio-8080-exec-3	X-Track:794c20c22b74436b8f137d39b239f679	level:TRACE	logger:o.s.w.s.m.m.a.RequestMappingHandlerMapping      	message:Mapped to com.example.javaweb.app.welcome.HelloController#home(Locale, Model)
date:2022-05-07 15:45:50	thread:http-nio-8080-exec-3	X-Track:794c20c22b74436b8f137d39b239f679	level:TRACE	logger:o.t.gfw.web.logging.TraceLoggingInterceptor     	message:[START CONTROLLER] HelloController.home(Locale,Model)
date:2022-05-07 15:45:50	thread:http-nio-8080-exec-3	X-Track:794c20c22b74436b8f137d39b239f679	level:INFO 	logger:com.example.javaweb.app.welcome.HelloController 	message:Welcome home! The client locale is ja_JP.
date:2022-05-07 15:45:50	thread:http-nio-8080-exec-3	X-Track:794c20c22b74436b8f137d39b239f679	level:TRACE	logger:o.t.gfw.web.logging.TraceLoggingInterceptor     	message:[END CONTROLLER  ] HelloController.home(Locale,Model)-> view=welcome/home, model={serverTime=2022/05/07 15:45:50 UTC}
date:2022-05-07 15:45:50	thread:http-nio-8080-exec-3	X-Track:794c20c22b74436b8f137d39b239f679	level:TRACE	logger:o.t.gfw.web.logging.TraceLoggingInterceptor     	message:[HANDLING TIME   ] HelloController.home(Locale,Model)-> 4,792,800 ns
date:2022-05-07 15:46:19	thread:http-nio-8080-exec-6	X-Track:f7dbc8fa765049b1815d390b1223b3c1	level:TRACE	logger:o.s.w.s.m.m.a.RequestMappingHandlerMapping      	message:Mapped to com.example.javaweb.app.welcome.HelloController#home(Locale, Model)
date:2022-05-07 15:46:19	thread:http-nio-8080-exec-6	X-Track:f7dbc8fa765049b1815d390b1223b3c1	level:TRACE	logger:o.t.gfw.web.logging.TraceLoggingInterceptor     	message:[START CONTROLLER] HelloController.home(Locale,Model)
date:2022-05-07 15:46:19	thread:http-nio-8080-exec-6	X-Track:f7dbc8fa765049b1815d390b1223b3c1	level:INFO 	logger:com.example.javaweb.app.welcome.HelloController 	message:Welcome home! The client locale is ja_JP.
date:2022-05-07 15:46:19	thread:http-nio-8080-exec-6	X-Track:f7dbc8fa765049b1815d390b1223b3c1	level:TRACE	logger:o.t.gfw.web.logging.TraceLoggingInterceptor     	message:[END CONTROLLER  ] HelloController.home(Locale,Model)-> view=welcome/home, model={serverTime=2022/05/07 15:46:19 UTC}
date:2022-05-07 15:46:19	thread:http-nio-8080-exec-6	X-Track:f7dbc8fa765049b1815d390b1223b3c1	level:TRACE	logger:o.t.gfw.web.logging.TraceLoggingInterceptor     	message:[HANDLING TIME   ] HelloController.home(Locale,Model)-> 3,994,800 ns
date:2022-05-07 15:46:20	thread:http-nio-8080-exec-7	X-Track:0711312f0b0b4db083ce52d3b352ff55	level:TRACE	logger:o.s.w.s.m.m.a.RequestMappingHandlerMapping      	message:Mapped to com.example.javaweb.app.welcome.HelloController#home(Locale, Model)
date:2022-05-07 15:46:20	thread:http-nio-8080-exec-7	X-Track:0711312f0b0b4db083ce52d3b352ff55	level:TRACE	logger:o.t.gfw.web.logging.TraceLoggingInterceptor     	message:[START CONTROLLER] HelloController.home(Locale,Model)
date:2022-05-07 15:46:20	thread:http-nio-8080-exec-7	X-Track:0711312f0b0b4db083ce52d3b352ff55	level:INFO 	logger:com.example.javaweb.app.welcome.HelloController 	message:Welcome home! The client locale is ja_JP.
date:2022-05-07 15:46:20	thread:http-nio-8080-exec-7	X-Track:0711312f0b0b4db083ce52d3b352ff55	level:TRACE	logger:o.t.gfw.web.logging.TraceLoggingInterceptor     	message:[END CONTROLLER  ] HelloController.home(Locale,Model)-> view=welcome/home, model={serverTime=2022/05/07 15:46:20 UTC}
date:2022-05-07 15:46:20	thread:http-nio-8080-exec-7	X-Track:0711312f0b0b4db083ce52d3b352ff55	level:TRACE	logger:o.t.gfw.web.logging.TraceLoggingInterceptor     	message:[HANDLING TIME   ] HelloController.home(Locale,Model)-> 2,679,100 ns
date:2022-05-07 15:46:21	thread:http-nio-8080-exec-8	X-Track:546e783191dc4f7b904cf30891dc2052	level:TRACE	logger:o.s.w.s.m.m.a.RequestMappingHandlerMapping      	message:Mapped to com.example.javaweb.app.welcome.HelloController#home(Locale, Model)
date:2022-05-07 15:46:21	thread:http-nio-8080-exec-8	X-Track:546e783191dc4f7b904cf30891dc2052	level:TRACE	logger:o.t.gfw.web.logging.TraceLoggingInterceptor     	message:[START CONTROLLER] HelloController.home(Locale,Model)
date:2022-05-07 15:46:21	thread:http-nio-8080-exec-8	X-Track:546e783191dc4f7b904cf30891dc2052	level:INFO 	logger:com.example.javaweb.app.welcome.HelloController 	message:Welcome home! The client locale is ja_JP.
date:2022-05-07 15:46:21	thread:http-nio-8080-exec-8	X-Track:546e783191dc4f7b904cf30891dc2052	level:TRACE	logger:o.t.gfw.web.logging.TraceLoggingInterceptor     	message:[END CONTROLLER  ] HelloController.home(Locale,Model)-> view=welcome/home, model={serverTime=2022/05/07 15:46:21 UTC}
date:2022-05-07 15:46:21	thread:http-nio-8080-exec-8	X-Track:546e783191dc4f7b904cf30891dc2052	level:TRACE	logger:o.t.gfw.web.logging.TraceLoggingInterceptor     	message:[HANDLING TIME   ] HelloController.home(Locale,Model)-> 2,405,500 ns
date:2022-05-07 15:46:21	thread:http-nio-8080-exec-9	X-Track:fc37f8266b4b4057b951aa4699e72e6f	level:TRACE	logger:o.s.w.s.m.m.a.RequestMappingHandlerMapping      	message:Mapped to com.example.javaweb.app.welcome.HelloController#home(Locale, Model)
date:2022-05-07 15:46:21	thread:http-nio-8080-exec-9	X-Track:fc37f8266b4b4057b951aa4699e72e6f	level:TRACE	logger:o.t.gfw.web.logging.TraceLoggingInterceptor     	message:[START CONTROLLER] HelloController.home(Locale,Model)
date:2022-05-07 15:46:21	thread:http-nio-8080-exec-9	X-Track:fc37f8266b4b4057b951aa4699e72e6f	level:INFO 	logger:com.example.javaweb.app.welcome.HelloController 	message:Welcome home! The client locale is ja_JP.
date:2022-05-07 15:46:21	thread:http-nio-8080-exec-9	X-Track:fc37f8266b4b4057b951aa4699e72e6f	level:TRACE	logger:o.t.gfw.web.logging.TraceLoggingInterceptor     	message:[END CONTROLLER  ] HelloController.home(Locale,Model)-> view=welcome/home, model={serverTime=2022/05/07 15:46:21 UTC}
date:2022-05-07 15:46:21	thread:http-nio-8080-exec-9	X-Track:fc37f8266b4b4057b951aa4699e72e6f	level:TRACE	logger:o.t.gfw.web.logging.TraceLoggingInterceptor     	message:[HANDLING TIME   ] HelloController.home(Locale,Model)-> 2,101,200 ns
date:2022-05-07 15:48:17	thread:Catalina-utility-2	X-Track:	level:WARN 	logger:org.mybatis.spring.mapper.ClassPathMapperScanner	message:No MyBatis mapper was found in '[com.example.javaweb.domain.repository]' package. Please check your configuration.
date:2022-05-07 15:48:19	thread:Catalina-utility-2	X-Track:	level:INFO 	logger:o.springframework.web.servlet.DispatcherServlet 	message:Initializing Servlet 'appServlet'
date:2022-05-07 15:48:20	thread:Catalina-utility-2	X-Track:	level:TRACE	logger:o.s.w.s.m.m.a.RequestMappingHandlerMapping      	message:
  	c.e.j.a.w.HelloController:
  	{[GET, POST] [/]}: home(Locale,Model)
date:2022-05-07 15:48:20	thread:Catalina-utility-2	X-Track:	level:DEBUG	logger:o.s.w.s.m.m.a.RequestMappingHandlerMapping      	message:1 mappings in 'org.springframework.web.servlet.mvc.method.annotation.RequestMappingHandlerMapping'
date:2022-05-07 15:48:22	thread:Catalina-utility-2	X-Track:	level:INFO 	logger:o.springframework.web.servlet.DispatcherServlet 	message:Completed initialization in 2759 ms
date:2022-05-07 15:49:22	thread:main	X-Track:	level:WARN 	logger:org.mybatis.spring.mapper.ClassPathMapperScanner	message:No MyBatis mapper was found in '[com.example.javaweb.domain.repository]' package. Please check your configuration.
date:2022-05-07 15:49:24	thread:main	X-Track:	level:INFO 	logger:o.springframework.web.servlet.DispatcherServlet 	message:Initializing Servlet 'appServlet'
date:2022-05-07 15:49:25	thread:main	X-Track:	level:TRACE	logger:o.s.w.s.m.m.a.RequestMappingHandlerMapping      	message:
  	c.e.j.a.w.HelloController:
  	{[GET, POST] [/]}: home(Locale,Model)
date:2022-05-07 15:49:25	thread:main	X-Track:	level:DEBUG	logger:o.s.w.s.m.m.a.RequestMappingHandlerMapping      	message:1 mappings in 'org.springframework.web.servlet.mvc.method.annotation.RequestMappingHandlerMapping'
date:2022-05-07 15:49:27	thread:main	X-Track:	level:INFO 	logger:o.springframework.web.servlet.DispatcherServlet 	message:Completed initialization in 2553 ms
date:2022-05-07 15:49:34	thread:http-nio-8080-exec-1	X-Track:ce60e68b08ae43fa9f20e7ca8dc06f7c	level:TRACE	logger:o.s.w.s.m.m.a.RequestMappingHandlerMapping      	message:Mapped to com.example.javaweb.app.welcome.HelloController#home(Locale, Model)
date:2022-05-07 15:49:34	thread:http-nio-8080-exec-1	X-Track:ce60e68b08ae43fa9f20e7ca8dc06f7c	level:TRACE	logger:o.t.gfw.web.logging.TraceLoggingInterceptor     	message:[START CONTROLLER] HelloController.home(Locale,Model)
date:2022-05-07 15:49:34	thread:http-nio-8080-exec-1	X-Track:ce60e68b08ae43fa9f20e7ca8dc06f7c	level:INFO 	logger:com.example.javaweb.app.welcome.HelloController 	message:Welcome home! The client locale is ja_JP.
date:2022-05-07 15:49:34	thread:http-nio-8080-exec-1	X-Track:ce60e68b08ae43fa9f20e7ca8dc06f7c	level:TRACE	logger:o.t.gfw.web.logging.TraceLoggingInterceptor     	message:[END CONTROLLER  ] HelloController.home(Locale,Model)-> view=welcome/home, model={serverTime=2022/05/07 15:49:34 UTC}
date:2022-05-07 15:49:34	thread:http-nio-8080-exec-1	X-Track:ce60e68b08ae43fa9f20e7ca8dc06f7c	level:TRACE	logger:o.t.gfw.web.logging.TraceLoggingInterceptor     	message:[HANDLING TIME   ] HelloController.home(Locale,Model)-> 73,453,100 ns
