2022-05-06 22:24:40,798 [Worker-2: Loading available Gradle versions] INFO  o.e.b.c.i.u.g.PublishedGradleVersions - Gradle version information cache is out-of-date. Trying to update.
2022-05-06 22:25:08,198 [Worker-7: Maven プロジェクトのインポート中] INFO  o.e.m.c.i.l.LifecycleMappingFactory - Using org.eclipse.m2e.jdt.JarLifecycleMapping lifecycle mapping for MavenProject: com.example.javaweb:javaweb-domain:1.0.0-SNAPSHOT @ /Users/tyouree/Documents/workspace/javaapp/javaweb/javaweb-domain/pom.xml.
2022-05-06 22:25:08,372 [Worker-7: Maven プロジェクトのインポート中] INFO  o.e.m.c.i.l.LifecycleMappingFactory - Using org.eclipse.m2e.jdt.JarLifecycleMapping lifecycle mapping for MavenProject: com.example.javaweb:javaweb-web:1.0.0-SNAPSHOT @ /Users/tyouree/Documents/workspace/javaapp/javaweb/javaweb-web/pom.xml.
2022-05-06 22:25:08,434 [Worker-7: Maven プロジェクトのインポート中] INFO  o.e.m.c.i.p.WorkspaceClassifierResolverManager - Resolving P/javaweb-domain: com.example.javaweb:javaweb-domain:1.0.0-SNAPSHOT with classifier  to /javaweb-domain/target/classes
2022-05-06 22:25:08,440 [Worker-7: Maven プロジェクトのインポート中] INFO  o.e.m.c.i.p.WorkspaceClassifierResolverManager - Resolving P/javaweb-env: com.example.javaweb:javaweb-env:1.0.0-SNAPSHOT with classifier  to /javaweb-env/target/classes
2022-05-06 22:25:08,454 [Worker-7: Maven プロジェクトのインポート中] INFO  o.e.m.c.i.l.LifecycleMappingFactory - Using org.eclipse.m2e.jdt.JarLifecycleMapping lifecycle mapping for MavenProject: com.example.javaweb:javaweb-initdb:1.0.0-SNAPSHOT @ /Users/tyouree/Documents/workspace/javaapp/javaweb/javaweb-initdb/pom.xml.
2022-05-06 22:25:08,457 [Worker-7: Maven プロジェクトのインポート中] INFO  o.e.m.c.i.l.LifecycleMappingFactory - Using NULL lifecycle mapping for MavenProject: com.example.javaweb:javaweb:1.0.0-SNAPSHOT @ /Users/tyouree/Documents/workspace/javaapp/javaweb/pom.xml.
2022-05-06 22:25:08,471 [Worker-7: Maven プロジェクトのインポート中] INFO  o.e.m.c.i.l.LifecycleMappingFactory - Using org.eclipse.m2e.jdt.JarLifecycleMapping lifecycle mapping for MavenProject: com.example.javaweb:javaweb-env:1.0.0-SNAPSHOT @ /Users/tyouree/Documents/workspace/javaapp/javaweb/javaweb-env/pom.xml.
2022-05-06 22:25:08,497 [Worker-7: Maven プロジェクトのインポート中] INFO  o.e.m.c.i.l.LifecycleMappingFactory - Using org.eclipse.m2e.jdt.JarLifecycleMapping lifecycle mapping for MavenProject: com.example.javaweb:javaweb-selenium:1.0.0-SNAPSHOT @ /Users/tyouree/Documents/workspace/javaapp/javaweb/javaweb-selenium/pom.xml.
2022-05-06 22:25:08,511 [Worker-7: Maven プロジェクトのインポート中] INFO  o.e.m.c.i.p.WorkspaceClassifierResolverManager - Resolving P/javaweb-domain: com.example.javaweb:javaweb-domain:1.0.0-SNAPSHOT with classifier  to /javaweb-domain/target/classes
2022-05-06 22:25:08,526 [Worker-7: Maven プロジェクトのインポート中] INFO  o.e.m.c.i.l.LifecycleMappingFactory - Using org.eclipse.m2e.jdt.JarLifecycleMapping lifecycle mapping for MavenProject: com.example.javaweb:javaweb-domain:1.0.0-SNAPSHOT @ /Users/tyouree/Documents/workspace/javaapp/javaweb/javaweb-domain/pom.xml.
2022-05-06 22:25:08,544 [Worker-7: Maven プロジェクトのインポート中] INFO  o.e.m.c.i.l.LifecycleMappingFactory - Using org.eclipse.m2e.jdt.JarLifecycleMapping lifecycle mapping for MavenProject: com.example.javaweb:javaweb-web:1.0.0-SNAPSHOT @ /Users/tyouree/Documents/workspace/javaapp/javaweb/javaweb-web/pom.xml.
2022-05-06 22:25:08,549 [Worker-7: Maven プロジェクトのインポート中] INFO  o.e.m.c.i.p.WorkspaceClassifierResolverManager - Resolving P/javaweb-domain: com.example.javaweb:javaweb-domain:1.0.0-SNAPSHOT with classifier  to /javaweb-domain/target/classes
2022-05-06 22:25:08,553 [Worker-7: Maven プロジェクトのインポート中] INFO  o.e.m.c.i.p.WorkspaceClassifierResolverManager - Resolving P/javaweb-env: com.example.javaweb:javaweb-env:1.0.0-SNAPSHOT with classifier  to /javaweb-env/target/classes
2022-05-06 22:25:08,564 [Worker-7: Maven プロジェクトのインポート中] INFO  o.e.m.c.i.l.LifecycleMappingFactory - Using org.eclipse.m2e.jdt.JarLifecycleMapping lifecycle mapping for MavenProject: com.example.javaweb:javaweb-initdb:1.0.0-SNAPSHOT @ /Users/tyouree/Documents/workspace/javaapp/javaweb/javaweb-initdb/pom.xml.
2022-05-06 22:25:08,577 [Worker-7: Maven プロジェクトのインポート中] INFO  o.e.m.c.i.l.LifecycleMappingFactory - Using org.eclipse.m2e.jdt.JarLifecycleMapping lifecycle mapping for MavenProject: com.example.javaweb:javaweb-selenium:1.0.0-SNAPSHOT @ /Users/tyouree/Documents/workspace/javaapp/javaweb/javaweb-selenium/pom.xml.
2022-05-06 22:25:08,581 [Worker-7: Maven プロジェクトのインポート中] INFO  o.e.m.c.i.p.WorkspaceClassifierResolverManager - Resolving P/javaweb-domain: com.example.javaweb:javaweb-domain:1.0.0-SNAPSHOT with classifier  to /javaweb-domain/target/classes
2022-05-06 22:25:08,826 [Worker-7: Maven プロジェクトのインポート中] INFO  o.e.m.j.i.AbstractJavaProjectConfigurator - Adding source folder /javaweb-initdb/src/main/java
2022-05-06 22:25:08,827 [Worker-7: Maven プロジェクトのインポート中] INFO  o.e.m.j.i.AbstractJavaProjectConfigurator - Adding source folder /javaweb-initdb/src/test/java
2022-05-06 22:25:08,906 [Worker-7: Maven プロジェクトのインポート中] INFO  o.e.m.c.i.embedder.EclipseLogger - Source directory: /Users/tyouree/Documents/workspace/javaapp/javaweb/javaweb-domain/src/generated/java added.
2022-05-06 22:25:08,908 [Worker-7: Maven プロジェクトのインポート中] INFO  o.e.m.j.i.AbstractJavaProjectConfigurator - Adding source folder /javaweb-domain/src/main/java
2022-05-06 22:25:08,909 [Worker-7: Maven プロジェクトのインポート中] INFO  o.e.m.j.i.AbstractJavaProjectConfigurator - Adding source folder /javaweb-domain/src/generated/java
2022-05-06 22:25:08,909 [Worker-7: Maven プロジェクトのインポート中] INFO  o.e.m.j.i.AbstractJavaProjectConfigurator - Adding resource folder /javaweb-domain/src/main/resources
2022-05-06 22:25:08,909 [Worker-7: Maven プロジェクトのインポート中] INFO  o.e.m.j.i.AbstractJavaProjectConfigurator - Adding source folder /javaweb-domain/src/test/java
2022-05-06 22:25:08,909 [Worker-7: Maven プロジェクトのインポート中] INFO  o.e.m.j.i.AbstractJavaProjectConfigurator - Adding resource folder /javaweb-domain/src/test/resources
2022-05-06 22:25:08,949 [Worker-7: Maven プロジェクトのインポート中] INFO  o.e.m.c.i.embedder.EclipseLogger - Source directory: /Users/tyouree/Documents/workspace/javaapp/javaweb/javaweb-selenium/src/generated/java added.
2022-05-06 22:25:08,951 [Worker-7: Maven プロジェクトのインポート中] INFO  o.e.m.j.i.AbstractJavaProjectConfigurator - Adding source folder /javaweb-selenium/src/main/java
2022-05-06 22:25:08,952 [Worker-7: Maven プロジェクトのインポート中] INFO  o.e.m.j.i.AbstractJavaProjectConfigurator - Adding source folder /javaweb-selenium/src/generated/java
2022-05-06 22:25:08,952 [Worker-7: Maven プロジェクトのインポート中] INFO  o.e.m.j.i.AbstractJavaProjectConfigurator - Adding source folder /javaweb-selenium/src/test/java
2022-05-06 22:25:08,952 [Worker-7: Maven プロジェクトのインポート中] INFO  o.e.m.j.i.AbstractJavaProjectConfigurator - Adding resource folder /javaweb-selenium/src/test/resources
2022-05-06 22:25:09,004 [Worker-7: Maven プロジェクトのインポート中] INFO  o.e.m.j.i.AbstractJavaProjectConfigurator - Adding source folder /javaweb-env/src/main/java
2022-05-06 22:25:09,004 [Worker-7: Maven プロジェクトのインポート中] INFO  o.e.m.j.i.AbstractJavaProjectConfigurator - Adding resource folder /javaweb-env/src/main/resources
2022-05-06 22:25:09,004 [Worker-7: Maven プロジェクトのインポート中] INFO  o.e.m.j.i.AbstractJavaProjectConfigurator - Adding source folder /javaweb-env/src/test/java
2022-05-06 22:25:09,058 [Worker-7: Maven プロジェクトのインポート中] INFO  o.e.m.c.i.embedder.EclipseLogger - Source directory: /Users/tyouree/Documents/workspace/javaapp/javaweb/javaweb-web/src/generated/java added.
2022-05-06 22:25:09,061 [Worker-7: Maven プロジェクトのインポート中] INFO  o.e.m.j.i.AbstractJavaProjectConfigurator - Adding source folder /javaweb-web/src/main/java
2022-05-06 22:25:09,061 [Worker-7: Maven プロジェクトのインポート中] INFO  o.e.m.j.i.AbstractJavaProjectConfigurator - Adding source folder /javaweb-web/src/generated/java
2022-05-06 22:25:09,061 [Worker-7: Maven プロジェクトのインポート中] INFO  o.e.m.j.i.AbstractJavaProjectConfigurator - Adding resource folder /javaweb-web/src/main/resources
2022-05-06 22:25:09,062 [Worker-7: Maven プロジェクトのインポート中] INFO  o.e.m.j.i.AbstractJavaProjectConfigurator - Adding source folder /javaweb-web/src/test/java
2022-05-06 22:25:09,062 [Worker-7: Maven プロジェクトのインポート中] INFO  o.e.m.j.i.AbstractJavaProjectConfigurator - Adding resource folder /javaweb-web/src/test/resources
2022-05-06 22:25:09,138 [Worker-7: Maven プロジェクトのインポート中] INFO  o.e.m.c.i.p.ProjectConfigurationManager - Imported and configured 6 project(s) in 2 sec
2022-05-06 22:25:10,071 [Worker-2: ビルド] INFO  o.e.m.c.i.embedder.EclipseLogger - Source directory: /Users/tyouree/Documents/workspace/javaapp/javaweb/javaweb-domain/src/generated/java added.
2022-05-06 22:25:10,089 [Worker-2: ビルド] INFO  o.e.m.c.i.embedder.EclipseLogger - Using 'UTF-8' encoding to copy filtered resources.
2022-05-06 22:25:10,089 [Worker-2: ビルド] INFO  o.e.m.c.i.embedder.EclipseLogger - Using 'UTF-8' encoding to copy filtered properties files.
2022-05-06 22:25:10,091 [Worker-2: ビルド] INFO  o.e.m.c.i.embedder.EclipseLogger - Copying 6 resources
2022-05-06 22:25:10,105 [Worker-2: ビルド] INFO  o.e.m.c.i.embedder.EclipseLogger - skip non existing resourceDirectory /Users/tyouree/Documents/workspace/javaapp/javaweb/javaweb-domain/src/generated/resources
2022-05-06 22:25:10,106 [Worker-2: ビルド] INFO  o.e.m.c.i.embedder.EclipseLogger - Using 'UTF-8' encoding to copy filtered resources.
2022-05-06 22:25:10,106 [Worker-2: ビルド] INFO  o.e.m.c.i.embedder.EclipseLogger - Using 'UTF-8' encoding to copy filtered properties files.
2022-05-06 22:25:10,106 [Worker-2: ビルド] INFO  o.e.m.c.i.embedder.EclipseLogger - Copying 1 resource
2022-05-06 22:25:10,382 [Worker-2: ビルド] INFO  o.e.m.c.i.embedder.EclipseLogger - Using 'UTF-8' encoding to copy filtered resources.
2022-05-06 22:25:10,382 [Worker-2: ビルド] INFO  o.e.m.c.i.embedder.EclipseLogger - Using 'UTF-8' encoding to copy filtered properties files.
2022-05-06 22:25:10,382 [Worker-2: ビルド] INFO  o.e.m.c.i.embedder.EclipseLogger - Copying 6 resources
2022-05-06 22:25:10,387 [Worker-2: ビルド] INFO  o.e.m.c.i.embedder.EclipseLogger - Using 'UTF-8' encoding to copy filtered resources.
2022-05-06 22:25:10,387 [Worker-2: ビルド] INFO  o.e.m.c.i.embedder.EclipseLogger - Using 'UTF-8' encoding to copy filtered properties files.
2022-05-06 22:25:10,388 [Worker-2: ビルド] INFO  o.e.m.c.i.embedder.EclipseLogger - skip non existing resourceDirectory /Users/tyouree/Documents/workspace/javaapp/javaweb/javaweb-env/src/test/resources
2022-05-06 22:25:10,460 [Worker-2: ビルド] INFO  o.e.m.c.i.embedder.EclipseLogger - Using 'UTF-8' encoding to copy filtered resources.
2022-05-06 22:25:10,460 [Worker-2: ビルド] INFO  o.e.m.c.i.embedder.EclipseLogger - Using 'UTF-8' encoding to copy filtered properties files.
2022-05-06 22:25:10,460 [Worker-2: ビルド] INFO  o.e.m.c.i.embedder.EclipseLogger - skip non existing resourceDirectory /Users/tyouree/Documents/workspace/javaapp/javaweb/javaweb-initdb/src/main/resources
2022-05-06 22:25:10,460 [Worker-2: ビルド] INFO  o.e.m.c.i.embedder.EclipseLogger - Using 'UTF-8' encoding to copy filtered resources.
2022-05-06 22:25:10,460 [Worker-2: ビルド] INFO  o.e.m.c.i.embedder.EclipseLogger - Using 'UTF-8' encoding to copy filtered properties files.
2022-05-06 22:25:10,460 [Worker-2: ビルド] INFO  o.e.m.c.i.embedder.EclipseLogger - skip non existing resourceDirectory /Users/tyouree/Documents/workspace/javaapp/javaweb/javaweb-initdb/src/test/resources
2022-05-06 22:25:10,805 [Worker-2: ビルド] INFO  o.e.m.c.i.p.WorkspaceClassifierResolverManager - Resolving P/javaweb-domain: com.example.javaweb:javaweb-domain:1.0.0-SNAPSHOT with classifier  to /javaweb-domain/target/classes
2022-05-06 22:25:10,812 [Worker-2: ビルド] INFO  o.e.m.c.i.embedder.EclipseLogger - Source directory: /Users/tyouree/Documents/workspace/javaapp/javaweb/javaweb-selenium/src/generated/java added.
2022-05-06 22:25:10,814 [Worker-2: ビルド] INFO  o.e.m.c.i.embedder.EclipseLogger - Using 'UTF-8' encoding to copy filtered resources.
2022-05-06 22:25:10,814 [Worker-2: ビルド] INFO  o.e.m.c.i.embedder.EclipseLogger - Using 'UTF-8' encoding to copy filtered properties files.
2022-05-06 22:25:10,814 [Worker-2: ビルド] INFO  o.e.m.c.i.embedder.EclipseLogger - skip non existing resourceDirectory /Users/tyouree/Documents/workspace/javaapp/javaweb/javaweb-selenium/src/main/resources
2022-05-06 22:25:10,814 [Worker-2: ビルド] INFO  o.e.m.c.i.embedder.EclipseLogger - skip non existing resourceDirectory /Users/tyouree/Documents/workspace/javaapp/javaweb/javaweb-selenium/src/generated/resources
2022-05-06 22:25:10,815 [Worker-2: ビルド] INFO  o.e.m.c.i.embedder.EclipseLogger - Using 'UTF-8' encoding to copy filtered resources.
2022-05-06 22:25:10,815 [Worker-2: ビルド] INFO  o.e.m.c.i.embedder.EclipseLogger - Using 'UTF-8' encoding to copy filtered properties files.
2022-05-06 22:25:10,816 [Worker-2: ビルド] INFO  o.e.m.c.i.embedder.EclipseLogger - Copying 3 resources
2022-05-06 22:25:11,192 [Worker-2: ビルド] INFO  o.e.m.c.i.p.WorkspaceClassifierResolverManager - Resolving P/javaweb-domain: com.example.javaweb:javaweb-domain:1.0.0-SNAPSHOT with classifier  to /javaweb-domain/target/classes
2022-05-06 22:25:11,198 [Worker-2: ビルド] INFO  o.e.m.c.i.p.WorkspaceClassifierResolverManager - Resolving P/javaweb-env: com.example.javaweb:javaweb-env:1.0.0-SNAPSHOT with classifier  to /javaweb-env/target/classes
2022-05-06 22:25:11,207 [Worker-2: ビルド] INFO  o.e.m.c.i.embedder.EclipseLogger - Source directory: /Users/tyouree/Documents/workspace/javaapp/javaweb/javaweb-web/src/generated/java added.
2022-05-06 22:25:11,208 [Worker-2: ビルド] INFO  o.e.m.c.i.embedder.EclipseLogger - Using 'UTF-8' encoding to copy filtered resources.
2022-05-06 22:25:11,208 [Worker-2: ビルド] INFO  o.e.m.c.i.embedder.EclipseLogger - Using 'UTF-8' encoding to copy filtered properties files.
2022-05-06 22:25:11,209 [Worker-2: ビルド] INFO  o.e.m.c.i.embedder.EclipseLogger - Copying 7 resources
2022-05-06 22:25:11,214 [Worker-2: ビルド] INFO  o.e.m.c.i.embedder.EclipseLogger - skip non existing resourceDirectory /Users/tyouree/Documents/workspace/javaapp/javaweb/javaweb-web/src/generated/resources
2022-05-06 22:25:11,215 [Worker-2: ビルド] INFO  o.e.m.c.i.embedder.EclipseLogger - Using 'UTF-8' encoding to copy filtered resources.
2022-05-06 22:25:11,215 [Worker-2: ビルド] INFO  o.e.m.c.i.embedder.EclipseLogger - Using 'UTF-8' encoding to copy filtered properties files.
2022-05-06 22:25:11,215 [Worker-2: ビルド] INFO  o.e.m.c.i.embedder.EclipseLogger - Copying 1 resource
2022-05-06 22:26:17,401 [Worker-3: ビルド] INFO  o.e.m.c.i.embedder.EclipseLogger - Source directory: /Users/tyouree/Documents/workspace/javaapp/javaweb/javaweb-web/src/generated/java added.
2022-05-06 22:26:17,403 [Worker-3: ビルド] INFO  o.e.m.c.i.embedder.EclipseLogger - Using 'UTF-8' encoding to copy filtered resources.
2022-05-06 22:26:17,403 [Worker-3: ビルド] INFO  o.e.m.c.i.embedder.EclipseLogger - Using 'UTF-8' encoding to copy filtered properties files.
2022-05-06 22:26:17,405 [Worker-3: ビルド] INFO  o.e.m.c.i.embedder.EclipseLogger - Copying 0 resource
2022-05-06 22:26:17,405 [Worker-3: ビルド] INFO  o.e.m.c.i.embedder.EclipseLogger - skip non existing resourceDirectory /Users/tyouree/Documents/workspace/javaapp/javaweb/javaweb-web/src/generated/resources
2022-05-06 22:26:17,406 [Worker-3: ビルド] INFO  o.e.m.c.i.embedder.EclipseLogger - Using 'UTF-8' encoding to copy filtered resources.
2022-05-06 22:26:17,406 [Worker-3: ビルド] INFO  o.e.m.c.i.embedder.EclipseLogger - Using 'UTF-8' encoding to copy filtered properties files.
2022-05-06 22:26:17,406 [Worker-3: ビルド] INFO  o.e.m.c.i.embedder.EclipseLogger - Copying 0 resource
2022-05-06 22:30:21,380 [Worker-10: ビルド] INFO  o.e.m.c.i.embedder.EclipseLogger - Source directory: /Users/tyouree/Documents/workspace/javaapp/javaweb/javaweb-web/src/generated/java added.
2022-05-06 22:30:21,381 [Worker-10: ビルド] INFO  o.e.m.c.i.embedder.EclipseLogger - Using 'UTF-8' encoding to copy filtered resources.
2022-05-06 22:30:21,381 [Worker-10: ビルド] INFO  o.e.m.c.i.embedder.EclipseLogger - Using 'UTF-8' encoding to copy filtered properties files.
2022-05-06 22:30:21,382 [Worker-10: ビルド] INFO  o.e.m.c.i.embedder.EclipseLogger - Copying 7 resources
2022-05-06 22:30:21,387 [Worker-10: ビルド] INFO  o.e.m.c.i.embedder.EclipseLogger - skip non existing resourceDirectory /Users/tyouree/Documents/workspace/javaapp/javaweb/javaweb-web/src/generated/resources
2022-05-06 22:30:21,388 [Worker-10: ビルド] INFO  o.e.m.c.i.embedder.EclipseLogger - Using 'UTF-8' encoding to copy filtered resources.
2022-05-06 22:30:21,388 [Worker-10: ビルド] INFO  o.e.m.c.i.embedder.EclipseLogger - Using 'UTF-8' encoding to copy filtered properties files.
2022-05-06 22:30:21,388 [Worker-10: ビルド] INFO  o.e.m.c.i.embedder.EclipseLogger - Copying 1 resource
2022-05-06 22:32:17,536 [Worker-13: ビルド] INFO  o.e.m.c.i.embedder.EclipseLogger - Source directory: /Users/tyouree/Documents/workspace/javaapp/javaweb/javaweb-web/src/generated/java added.
2022-05-06 22:32:17,539 [Worker-13: ビルド] INFO  o.e.m.c.i.embedder.EclipseLogger - Using 'UTF-8' encoding to copy filtered resources.
2022-05-06 22:32:17,539 [Worker-13: ビルド] INFO  o.e.m.c.i.embedder.EclipseLogger - Using 'UTF-8' encoding to copy filtered properties files.
2022-05-06 22:32:17,539 [Worker-13: ビルド] INFO  o.e.m.c.i.embedder.EclipseLogger - Copying 0 resource
2022-05-06 22:32:17,539 [Worker-13: ビルド] INFO  o.e.m.c.i.embedder.EclipseLogger - skip non existing resourceDirectory /Users/tyouree/Documents/workspace/javaapp/javaweb/javaweb-web/src/generated/resources
2022-05-06 22:32:17,541 [Worker-13: ビルド] INFO  o.e.m.c.i.embedder.EclipseLogger - Using 'UTF-8' encoding to copy filtered resources.
2022-05-06 22:32:17,541 [Worker-13: ビルド] INFO  o.e.m.c.i.embedder.EclipseLogger - Using 'UTF-8' encoding to copy filtered properties files.
2022-05-06 22:32:17,541 [Worker-13: ビルド] INFO  o.e.m.c.i.embedder.EclipseLogger - Copying 0 resource
2022-05-06 22:32:25,400 [Worker-10: ビルド] INFO  o.e.m.c.i.embedder.EclipseLogger - Source directory: /Users/tyouree/Documents/workspace/javaapp/javaweb/javaweb-web/src/generated/java added.
2022-05-06 22:32:25,402 [Worker-10: ビルド] INFO  o.e.m.c.i.embedder.EclipseLogger - Using 'UTF-8' encoding to copy filtered resources.
2022-05-06 22:32:25,402 [Worker-10: ビルド] INFO  o.e.m.c.i.embedder.EclipseLogger - Using 'UTF-8' encoding to copy filtered properties files.
2022-05-06 22:32:25,402 [Worker-10: ビルド] INFO  o.e.m.c.i.embedder.EclipseLogger - Copying 0 resource
2022-05-06 22:32:25,402 [Worker-10: ビルド] INFO  o.e.m.c.i.embedder.EclipseLogger - skip non existing resourceDirectory /Users/tyouree/Documents/workspace/javaapp/javaweb/javaweb-web/src/generated/resources
2022-05-06 22:32:25,403 [Worker-10: ビルド] INFO  o.e.m.c.i.embedder.EclipseLogger - Using 'UTF-8' encoding to copy filtered resources.
2022-05-06 22:32:25,403 [Worker-10: ビルド] INFO  o.e.m.c.i.embedder.EclipseLogger - Using 'UTF-8' encoding to copy filtered properties files.
2022-05-06 22:32:25,403 [Worker-10: ビルド] INFO  o.e.m.c.i.embedder.EclipseLogger - Copying 0 resource
2022-05-06 22:32:45,359 [Worker-20: ビルド] INFO  o.e.m.c.i.embedder.EclipseLogger - Source directory: /Users/tyouree/Documents/workspace/javaapp/javaweb/javaweb-web/src/generated/java added.
2022-05-06 22:32:45,362 [Worker-20: ビルド] INFO  o.e.m.c.i.embedder.EclipseLogger - Using 'UTF-8' encoding to copy filtered resources.
2022-05-06 22:32:45,363 [Worker-20: ビルド] INFO  o.e.m.c.i.embedder.EclipseLogger - Using 'UTF-8' encoding to copy filtered properties files.
2022-05-06 22:32:45,363 [Worker-20: ビルド] INFO  o.e.m.c.i.embedder.EclipseLogger - Copying 0 resource
2022-05-06 22:32:45,363 [Worker-20: ビルド] INFO  o.e.m.c.i.embedder.EclipseLogger - skip non existing resourceDirectory /Users/tyouree/Documents/workspace/javaapp/javaweb/javaweb-web/src/generated/resources
2022-05-06 22:32:45,365 [Worker-20: ビルド] INFO  o.e.m.c.i.embedder.EclipseLogger - Using 'UTF-8' encoding to copy filtered resources.
2022-05-06 22:32:45,365 [Worker-20: ビルド] INFO  o.e.m.c.i.embedder.EclipseLogger - Using 'UTF-8' encoding to copy filtered properties files.
2022-05-06 22:32:45,365 [Worker-20: ビルド] INFO  o.e.m.c.i.embedder.EclipseLogger - Copying 0 resource
2022-05-06 22:33:14,385 [Worker-20: ビルド] INFO  o.e.m.c.i.embedder.EclipseLogger - Source directory: /Users/tyouree/Documents/workspace/javaapp/javaweb/javaweb-web/src/generated/java added.
2022-05-06 22:33:14,389 [Worker-20: ビルド] INFO  o.e.m.c.i.embedder.EclipseLogger - Using 'UTF-8' encoding to copy filtered resources.
2022-05-06 22:33:14,389 [Worker-20: ビルド] INFO  o.e.m.c.i.embedder.EclipseLogger - Using 'UTF-8' encoding to copy filtered properties files.
2022-05-06 22:33:14,389 [Worker-20: ビルド] INFO  o.e.m.c.i.embedder.EclipseLogger - Copying 0 resource
2022-05-06 22:33:14,389 [Worker-20: ビルド] INFO  o.e.m.c.i.embedder.EclipseLogger - skip non existing resourceDirectory /Users/tyouree/Documents/workspace/javaapp/javaweb/javaweb-web/src/generated/resources
2022-05-06 22:33:14,391 [Worker-20: ビルド] INFO  o.e.m.c.i.embedder.EclipseLogger - Using 'UTF-8' encoding to copy filtered resources.
2022-05-06 22:33:14,391 [Worker-20: ビルド] INFO  o.e.m.c.i.embedder.EclipseLogger - Using 'UTF-8' encoding to copy filtered properties files.
2022-05-06 22:33:14,391 [Worker-20: ビルド] INFO  o.e.m.c.i.embedder.EclipseLogger - Copying 0 resource
2022-05-06 22:33:52,193 [Worker-14: ビルド] INFO  o.e.m.c.i.embedder.EclipseLogger - Source directory: /Users/tyouree/Documents/workspace/javaapp/javaweb/javaweb-web/src/generated/java added.
2022-05-06 22:33:52,195 [Worker-14: ビルド] INFO  o.e.m.c.i.embedder.EclipseLogger - Using 'UTF-8' encoding to copy filtered resources.
2022-05-06 22:33:52,196 [Worker-14: ビルド] INFO  o.e.m.c.i.embedder.EclipseLogger - Using 'UTF-8' encoding to copy filtered properties files.
2022-05-06 22:33:52,196 [Worker-14: ビルド] INFO  o.e.m.c.i.embedder.EclipseLogger - Copying 0 resource
2022-05-06 22:33:52,196 [Worker-14: ビルド] INFO  o.e.m.c.i.embedder.EclipseLogger - skip non existing resourceDirectory /Users/tyouree/Documents/workspace/javaapp/javaweb/javaweb-web/src/generated/resources
2022-05-06 22:33:52,197 [Worker-14: ビルド] INFO  o.e.m.c.i.embedder.EclipseLogger - Using 'UTF-8' encoding to copy filtered resources.
2022-05-06 22:33:52,197 [Worker-14: ビルド] INFO  o.e.m.c.i.embedder.EclipseLogger - Using 'UTF-8' encoding to copy filtered properties files.
2022-05-06 22:33:52,197 [Worker-14: ビルド] INFO  o.e.m.c.i.embedder.EclipseLogger - Copying 0 resource
2022-05-06 22:34:17,594 [Worker-5: ビルド] INFO  o.e.m.c.i.embedder.EclipseLogger - Source directory: /Users/tyouree/Documents/workspace/javaapp/javaweb/javaweb-domain/src/generated/java added.
2022-05-06 22:34:17,596 [Worker-5: ビルド] INFO  o.e.m.c.i.embedder.EclipseLogger - Using 'UTF-8' encoding to copy filtered resources.
2022-05-06 22:34:17,596 [Worker-5: ビルド] INFO  o.e.m.c.i.embedder.EclipseLogger - Using 'UTF-8' encoding to copy filtered properties files.
2022-05-06 22:34:17,596 [Worker-5: ビルド] INFO  o.e.m.c.i.embedder.EclipseLogger - Copying 0 resource
2022-05-06 22:34:17,596 [Worker-5: ビルド] INFO  o.e.m.c.i.embedder.EclipseLogger - skip non existing resourceDirectory /Users/tyouree/Documents/workspace/javaapp/javaweb/javaweb-domain/src/generated/resources
2022-05-06 22:34:17,597 [Worker-5: ビルド] INFO  o.e.m.c.i.embedder.EclipseLogger - Using 'UTF-8' encoding to copy filtered resources.
2022-05-06 22:34:17,597 [Worker-5: ビルド] INFO  o.e.m.c.i.embedder.EclipseLogger - Using 'UTF-8' encoding to copy filtered properties files.
2022-05-06 22:34:17,597 [Worker-5: ビルド] INFO  o.e.m.c.i.embedder.EclipseLogger - Copying 0 resource
2022-05-06 22:34:17,849 [Worker-5: ビルド] INFO  o.e.m.c.i.embedder.EclipseLogger - Using 'UTF-8' encoding to copy filtered resources.
2022-05-06 22:34:17,849 [Worker-5: ビルド] INFO  o.e.m.c.i.embedder.EclipseLogger - Using 'UTF-8' encoding to copy filtered properties files.
2022-05-06 22:34:17,849 [Worker-5: ビルド] INFO  o.e.m.c.i.embedder.EclipseLogger - Copying 0 resource
2022-05-06 22:34:17,851 [Worker-5: ビルド] INFO  o.e.m.c.i.embedder.EclipseLogger - Using 'UTF-8' encoding to copy filtered resources.
2022-05-06 22:34:17,851 [Worker-5: ビルド] INFO  o.e.m.c.i.embedder.EclipseLogger - Using 'UTF-8' encoding to copy filtered properties files.
2022-05-06 22:34:17,851 [Worker-5: ビルド] INFO  o.e.m.c.i.embedder.EclipseLogger - skip non existing resourceDirectory /Users/tyouree/Documents/workspace/javaapp/javaweb/javaweb-env/src/test/resources
2022-05-06 22:34:17,931 [Worker-5: ビルド] INFO  o.e.m.c.i.embedder.EclipseLogger - Using 'UTF-8' encoding to copy filtered resources.
2022-05-06 22:34:17,931 [Worker-5: ビルド] INFO  o.e.m.c.i.embedder.EclipseLogger - Using 'UTF-8' encoding to copy filtered properties files.
2022-05-06 22:34:17,932 [Worker-5: ビルド] INFO  o.e.m.c.i.embedder.EclipseLogger - skip non existing resourceDirectory /Users/tyouree/Documents/workspace/javaapp/javaweb/javaweb-initdb/src/main/resources
2022-05-06 22:34:17,932 [Worker-5: ビルド] INFO  o.e.m.c.i.embedder.EclipseLogger - Using 'UTF-8' encoding to copy filtered resources.
2022-05-06 22:34:17,933 [Worker-5: ビルド] INFO  o.e.m.c.i.embedder.EclipseLogger - Using 'UTF-8' encoding to copy filtered properties files.
2022-05-06 22:34:17,933 [Worker-5: ビルド] INFO  o.e.m.c.i.embedder.EclipseLogger - skip non existing resourceDirectory /Users/tyouree/Documents/workspace/javaapp/javaweb/javaweb-initdb/src/test/resources
2022-05-06 22:34:18,131 [Worker-5: ビルド] INFO  o.e.m.c.i.p.WorkspaceClassifierResolverManager - Resolving P/javaweb-domain: com.example.javaweb:javaweb-domain:1.0.0-SNAPSHOT with classifier  to /javaweb-domain/target/classes
2022-05-06 22:34:18,138 [Worker-5: ビルド] INFO  o.e.m.c.i.embedder.EclipseLogger - Source directory: /Users/tyouree/Documents/workspace/javaapp/javaweb/javaweb-selenium/src/generated/java added.
2022-05-06 22:34:18,140 [Worker-5: ビルド] INFO  o.e.m.c.i.embedder.EclipseLogger - Using 'UTF-8' encoding to copy filtered resources.
2022-05-06 22:34:18,140 [Worker-5: ビルド] INFO  o.e.m.c.i.embedder.EclipseLogger - Using 'UTF-8' encoding to copy filtered properties files.
2022-05-06 22:34:18,140 [Worker-5: ビルド] INFO  o.e.m.c.i.embedder.EclipseLogger - skip non existing resourceDirectory /Users/tyouree/Documents/workspace/javaapp/javaweb/javaweb-selenium/src/main/resources
2022-05-06 22:34:18,140 [Worker-5: ビルド] INFO  o.e.m.c.i.embedder.EclipseLogger - skip non existing resourceDirectory /Users/tyouree/Documents/workspace/javaapp/javaweb/javaweb-selenium/src/generated/resources
2022-05-06 22:34:18,142 [Worker-5: ビルド] INFO  o.e.m.c.i.embedder.EclipseLogger - Using 'UTF-8' encoding to copy filtered resources.
2022-05-06 22:34:18,142 [Worker-5: ビルド] INFO  o.e.m.c.i.embedder.EclipseLogger - Using 'UTF-8' encoding to copy filtered properties files.
2022-05-06 22:34:18,142 [Worker-5: ビルド] INFO  o.e.m.c.i.embedder.EclipseLogger - Copying 0 resource
2022-05-06 22:34:18,149 [Worker-5: ビルド] INFO  o.e.m.c.i.embedder.EclipseLogger - Source directory: /Users/tyouree/Documents/workspace/javaapp/javaweb/javaweb-web/src/generated/java added.
2022-05-06 22:34:18,152 [Worker-5: ビルド] INFO  o.e.m.c.i.embedder.EclipseLogger - Using 'UTF-8' encoding to copy filtered resources.
2022-05-06 22:34:18,152 [Worker-5: ビルド] INFO  o.e.m.c.i.embedder.EclipseLogger - Using 'UTF-8' encoding to copy filtered properties files.
2022-05-06 22:34:18,152 [Worker-5: ビルド] INFO  o.e.m.c.i.embedder.EclipseLogger - Copying 0 resource
2022-05-06 22:34:18,152 [Worker-5: ビルド] INFO  o.e.m.c.i.embedder.EclipseLogger - skip non existing resourceDirectory /Users/tyouree/Documents/workspace/javaapp/javaweb/javaweb-web/src/generated/resources
2022-05-06 22:34:18,153 [Worker-5: ビルド] INFO  o.e.m.c.i.embedder.EclipseLogger - Using 'UTF-8' encoding to copy filtered resources.
2022-05-06 22:34:18,153 [Worker-5: ビルド] INFO  o.e.m.c.i.embedder.EclipseLogger - Using 'UTF-8' encoding to copy filtered properties files.
2022-05-06 22:34:18,153 [Worker-5: ビルド] INFO  o.e.m.c.i.embedder.EclipseLogger - Copying 0 resource
2022-05-06 23:08:36,257 [Worker-22: ビルド] INFO  o.e.m.c.i.embedder.EclipseLogger - Source directory: /Users/tyouree/Documents/workspace/javaapp/javaweb/javaweb-web/src/generated/java added.
2022-05-06 23:08:36,260 [Worker-22: ビルド] INFO  o.e.m.c.i.embedder.EclipseLogger - Using 'UTF-8' encoding to copy filtered resources.
2022-05-06 23:08:36,260 [Worker-22: ビルド] INFO  o.e.m.c.i.embedder.EclipseLogger - Using 'UTF-8' encoding to copy filtered properties files.
2022-05-06 23:08:36,260 [Worker-22: ビルド] INFO  o.e.m.c.i.embedder.EclipseLogger - Copying 0 resource
2022-05-06 23:08:36,260 [Worker-22: ビルド] INFO  o.e.m.c.i.embedder.EclipseLogger - skip non existing resourceDirectory /Users/tyouree/Documents/workspace/javaapp/javaweb/javaweb-web/src/generated/resources
2022-05-06 23:08:36,261 [Worker-22: ビルド] INFO  o.e.m.c.i.embedder.EclipseLogger - Using 'UTF-8' encoding to copy filtered resources.
2022-05-06 23:08:36,261 [Worker-22: ビルド] INFO  o.e.m.c.i.embedder.EclipseLogger - Using 'UTF-8' encoding to copy filtered properties files.
2022-05-06 23:08:36,261 [Worker-22: ビルド] INFO  o.e.m.c.i.embedder.EclipseLogger - Copying 0 resource
2022-05-06 23:08:45,147 [Worker-20: Executing install in _Users_tyouree_Documents_workspace_javaapp_javaweb_javaweb-web の起動] INFO  o.e.m.i.launch.MavenLaunchDelegate - /Users/tyouree/Documents/workspace/javaapp/javaweb/javaweb-web
2022-05-06 23:08:45,148 [Worker-20: Executing install in _Users_tyouree_Documents_workspace_javaapp_javaweb_javaweb-web の起動] INFO  o.e.m.i.launch.MavenLaunchDelegate -  mvn -B install
2022-05-06 23:08:50,963 [Worker-24: ビルド] INFO  o.e.m.c.i.embedder.EclipseLogger - Source directory: /Users/tyouree/Documents/workspace/javaapp/javaweb/javaweb-web/src/generated/java added.
2022-05-06 23:08:50,966 [Worker-24: ビルド] INFO  o.e.m.c.i.embedder.EclipseLogger - Using 'UTF-8' encoding to copy filtered resources.
2022-05-06 23:08:50,966 [Worker-24: ビルド] INFO  o.e.m.c.i.embedder.EclipseLogger - Using 'UTF-8' encoding to copy filtered properties files.
2022-05-06 23:08:50,966 [Worker-24: ビルド] INFO  o.e.m.c.i.embedder.EclipseLogger - Copying 0 resource
2022-05-06 23:08:50,966 [Worker-24: ビルド] INFO  o.e.m.c.i.embedder.EclipseLogger - skip non existing resourceDirectory /Users/tyouree/Documents/workspace/javaapp/javaweb/javaweb-web/src/generated/resources
2022-05-06 23:08:50,967 [Worker-24: ビルド] INFO  o.e.m.c.i.embedder.EclipseLogger - Using 'UTF-8' encoding to copy filtered resources.
2022-05-06 23:08:50,967 [Worker-24: ビルド] INFO  o.e.m.c.i.embedder.EclipseLogger - Using 'UTF-8' encoding to copy filtered properties files.
2022-05-06 23:08:50,967 [Worker-24: ビルド] INFO  o.e.m.c.i.embedder.EclipseLogger - Copying 0 resource
2022-05-06 23:20:10,580 [Worker-33: プロジェクト javaweb-selenium をビルド中] INFO  o.e.m.c.i.embedder.EclipseLogger - Source directory: /Users/tyouree/Documents/workspace/javaapp/javaweb/javaweb-selenium/src/generated/java added.
2022-05-06 23:20:10,582 [Worker-33: プロジェクト javaweb-selenium をビルド中] INFO  o.e.m.c.i.embedder.EclipseLogger - Using 'UTF-8' encoding to copy filtered resources.
2022-05-06 23:20:10,582 [Worker-33: プロジェクト javaweb-selenium をビルド中] INFO  o.e.m.c.i.embedder.EclipseLogger - Using 'UTF-8' encoding to copy filtered properties files.
2022-05-06 23:20:10,582 [Worker-33: プロジェクト javaweb-selenium をビルド中] INFO  o.e.m.c.i.embedder.EclipseLogger - skip non existing resourceDirectory /Users/tyouree/Documents/workspace/javaapp/javaweb/javaweb-selenium/src/main/resources
2022-05-06 23:20:10,582 [Worker-33: プロジェクト javaweb-selenium をビルド中] INFO  o.e.m.c.i.embedder.EclipseLogger - skip non existing resourceDirectory /Users/tyouree/Documents/workspace/javaapp/javaweb/javaweb-selenium/src/generated/resources
2022-05-06 23:20:10,583 [Worker-33: プロジェクト javaweb-selenium をビルド中] INFO  o.e.m.c.i.embedder.EclipseLogger - Using 'UTF-8' encoding to copy filtered resources.
2022-05-06 23:20:10,583 [Worker-33: プロジェクト javaweb-selenium をビルド中] INFO  o.e.m.c.i.embedder.EclipseLogger - Using 'UTF-8' encoding to copy filtered properties files.
2022-05-06 23:20:10,584 [Worker-33: プロジェクト javaweb-selenium をビルド中] INFO  o.e.m.c.i.embedder.EclipseLogger - Copying 3 resources
2022-05-06 23:20:50,935 [Worker-34: プロジェクト javaweb-domain をビルド中] INFO  o.e.m.c.i.embedder.EclipseLogger - Source directory: /Users/tyouree/Documents/workspace/javaapp/javaweb/javaweb-domain/src/generated/java added.
2022-05-06 23:20:50,939 [Worker-34: プロジェクト javaweb-domain をビルド中] INFO  o.e.m.c.i.embedder.EclipseLogger - Using 'UTF-8' encoding to copy filtered resources.
2022-05-06 23:20:50,939 [Worker-34: プロジェクト javaweb-domain をビルド中] INFO  o.e.m.c.i.embedder.EclipseLogger - Using 'UTF-8' encoding to copy filtered properties files.
2022-05-06 23:20:50,940 [Worker-34: プロジェクト javaweb-domain をビルド中] INFO  o.e.m.c.i.embedder.EclipseLogger - Copying 6 resources
2022-05-06 23:20:50,946 [Worker-34: プロジェクト javaweb-domain をビルド中] INFO  o.e.m.c.i.embedder.EclipseLogger - skip non existing resourceDirectory /Users/tyouree/Documents/workspace/javaapp/javaweb/javaweb-domain/src/generated/resources
2022-05-06 23:20:50,947 [Worker-34: プロジェクト javaweb-domain をビルド中] INFO  o.e.m.c.i.embedder.EclipseLogger - Using 'UTF-8' encoding to copy filtered resources.
2022-05-06 23:20:50,947 [Worker-34: プロジェクト javaweb-domain をビルド中] INFO  o.e.m.c.i.embedder.EclipseLogger - Using 'UTF-8' encoding to copy filtered properties files.
2022-05-06 23:20:50,948 [Worker-34: プロジェクト javaweb-domain をビルド中] INFO  o.e.m.c.i.embedder.EclipseLogger - Copying 1 resource
2022-05-06 23:21:00,383 [Worker-33: ビルド] INFO  o.e.m.c.i.embedder.EclipseLogger - Source directory: /Users/tyouree/Documents/workspace/javaapp/javaweb/javaweb-domain/src/generated/java added.
2022-05-06 23:21:00,386 [Worker-33: ビルド] INFO  o.e.m.c.i.embedder.EclipseLogger - Using 'UTF-8' encoding to copy filtered resources.
2022-05-06 23:21:00,386 [Worker-33: ビルド] INFO  o.e.m.c.i.embedder.EclipseLogger - Using 'UTF-8' encoding to copy filtered properties files.
2022-05-06 23:21:00,387 [Worker-33: ビルド] INFO  o.e.m.c.i.embedder.EclipseLogger - Copying 6 resources
2022-05-06 23:21:00,393 [Worker-33: ビルド] INFO  o.e.m.c.i.embedder.EclipseLogger - skip non existing resourceDirectory /Users/tyouree/Documents/workspace/javaapp/javaweb/javaweb-domain/src/generated/resources
2022-05-06 23:21:00,394 [Worker-33: ビルド] INFO  o.e.m.c.i.embedder.EclipseLogger - Using 'UTF-8' encoding to copy filtered resources.
2022-05-06 23:21:00,394 [Worker-33: ビルド] INFO  o.e.m.c.i.embedder.EclipseLogger - Using 'UTF-8' encoding to copy filtered properties files.
2022-05-06 23:21:00,395 [Worker-33: ビルド] INFO  o.e.m.c.i.embedder.EclipseLogger - Copying 1 resource
2022-05-06 23:21:10,078 [Worker-34: プロジェクト javaweb-env をビルド中] INFO  o.e.m.c.i.embedder.EclipseLogger - Using 'UTF-8' encoding to copy filtered resources.
2022-05-06 23:21:10,078 [Worker-34: プロジェクト javaweb-env をビルド中] INFO  o.e.m.c.i.embedder.EclipseLogger - Using 'UTF-8' encoding to copy filtered properties files.
2022-05-06 23:21:10,078 [Worker-34: プロジェクト javaweb-env をビルド中] INFO  o.e.m.c.i.embedder.EclipseLogger - Copying 6 resources
2022-05-06 23:21:10,085 [Worker-34: プロジェクト javaweb-env をビルド中] INFO  o.e.m.c.i.embedder.EclipseLogger - Using 'UTF-8' encoding to copy filtered resources.
2022-05-06 23:21:10,085 [Worker-34: プロジェクト javaweb-env をビルド中] INFO  o.e.m.c.i.embedder.EclipseLogger - Using 'UTF-8' encoding to copy filtered properties files.
2022-05-06 23:21:10,085 [Worker-34: プロジェクト javaweb-env をビルド中] INFO  o.e.m.c.i.embedder.EclipseLogger - skip non existing resourceDirectory /Users/tyouree/Documents/workspace/javaapp/javaweb/javaweb-env/src/test/resources
2022-05-06 23:21:14,560 [Worker-35: ビルド] INFO  o.e.m.c.i.embedder.EclipseLogger - Using 'UTF-8' encoding to copy filtered resources.
2022-05-06 23:21:14,560 [Worker-35: ビルド] INFO  o.e.m.c.i.embedder.EclipseLogger - Using 'UTF-8' encoding to copy filtered properties files.
2022-05-06 23:21:14,561 [Worker-35: ビルド] INFO  o.e.m.c.i.embedder.EclipseLogger - Copying 6 resources
2022-05-06 23:21:14,566 [Worker-35: ビルド] INFO  o.e.m.c.i.embedder.EclipseLogger - Using 'UTF-8' encoding to copy filtered resources.
2022-05-06 23:21:14,566 [Worker-35: ビルド] INFO  o.e.m.c.i.embedder.EclipseLogger - Using 'UTF-8' encoding to copy filtered properties files.
2022-05-06 23:21:14,567 [Worker-35: ビルド] INFO  o.e.m.c.i.embedder.EclipseLogger - skip non existing resourceDirectory /Users/tyouree/Documents/workspace/javaapp/javaweb/javaweb-env/src/test/resources
2022-05-06 23:21:23,593 [Worker-31: プロジェクト javaweb-initdb をビルド中] INFO  o.e.m.c.i.embedder.EclipseLogger - Using 'UTF-8' encoding to copy filtered resources.
2022-05-06 23:21:23,594 [Worker-31: プロジェクト javaweb-initdb をビルド中] INFO  o.e.m.c.i.embedder.EclipseLogger - Using 'UTF-8' encoding to copy filtered properties files.
2022-05-06 23:21:23,594 [Worker-31: プロジェクト javaweb-initdb をビルド中] INFO  o.e.m.c.i.embedder.EclipseLogger - skip non existing resourceDirectory /Users/tyouree/Documents/workspace/javaapp/javaweb/javaweb-initdb/src/main/resources
2022-05-06 23:21:23,594 [Worker-31: プロジェクト javaweb-initdb をビルド中] INFO  o.e.m.c.i.embedder.EclipseLogger - Using 'UTF-8' encoding to copy filtered resources.
2022-05-06 23:21:23,594 [Worker-31: プロジェクト javaweb-initdb をビルド中] INFO  o.e.m.c.i.embedder.EclipseLogger - Using 'UTF-8' encoding to copy filtered properties files.
2022-05-06 23:21:23,594 [Worker-31: プロジェクト javaweb-initdb をビルド中] INFO  o.e.m.c.i.embedder.EclipseLogger - skip non existing resourceDirectory /Users/tyouree/Documents/workspace/javaapp/javaweb/javaweb-initdb/src/test/resources
2022-05-06 23:21:26,545 [Worker-32: ビルド] INFO  o.e.m.c.i.embedder.EclipseLogger - Using 'UTF-8' encoding to copy filtered resources.
2022-05-06 23:21:26,545 [Worker-32: ビルド] INFO  o.e.m.c.i.embedder.EclipseLogger - Using 'UTF-8' encoding to copy filtered properties files.
2022-05-06 23:21:26,546 [Worker-32: ビルド] INFO  o.e.m.c.i.embedder.EclipseLogger - skip non existing resourceDirectory /Users/tyouree/Documents/workspace/javaapp/javaweb/javaweb-initdb/src/main/resources
2022-05-06 23:21:26,546 [Worker-32: ビルド] INFO  o.e.m.c.i.embedder.EclipseLogger - Using 'UTF-8' encoding to copy filtered resources.
2022-05-06 23:21:26,546 [Worker-32: ビルド] INFO  o.e.m.c.i.embedder.EclipseLogger - Using 'UTF-8' encoding to copy filtered properties files.
2022-05-06 23:21:26,546 [Worker-32: ビルド] INFO  o.e.m.c.i.embedder.EclipseLogger - skip non existing resourceDirectory /Users/tyouree/Documents/workspace/javaapp/javaweb/javaweb-initdb/src/test/resources
2022-05-06 23:21:36,589 [Worker-12: ビルド] INFO  o.e.m.c.i.embedder.EclipseLogger - Source directory: /Users/tyouree/Documents/workspace/javaapp/javaweb/javaweb-selenium/src/generated/java added.
2022-05-06 23:21:36,590 [Worker-12: ビルド] INFO  o.e.m.c.i.embedder.EclipseLogger - Using 'UTF-8' encoding to copy filtered resources.
2022-05-06 23:21:36,590 [Worker-12: ビルド] INFO  o.e.m.c.i.embedder.EclipseLogger - Using 'UTF-8' encoding to copy filtered properties files.
2022-05-06 23:21:36,591 [Worker-12: ビルド] INFO  o.e.m.c.i.embedder.EclipseLogger - skip non existing resourceDirectory /Users/tyouree/Documents/workspace/javaapp/javaweb/javaweb-selenium/src/main/resources
2022-05-06 23:21:36,591 [Worker-12: ビルド] INFO  o.e.m.c.i.embedder.EclipseLogger - skip non existing resourceDirectory /Users/tyouree/Documents/workspace/javaapp/javaweb/javaweb-selenium/src/generated/resources
2022-05-06 23:21:36,591 [Worker-12: ビルド] INFO  o.e.m.c.i.embedder.EclipseLogger - Using 'UTF-8' encoding to copy filtered resources.
2022-05-06 23:21:36,591 [Worker-12: ビルド] INFO  o.e.m.c.i.embedder.EclipseLogger - Using 'UTF-8' encoding to copy filtered properties files.
2022-05-06 23:21:36,592 [Worker-12: ビルド] INFO  o.e.m.c.i.embedder.EclipseLogger - Copying 3 resources
2022-05-06 23:21:51,088 [Worker-12: Executing install in _Users_tyouree_Documents_workspace_javaapp_javaweb の起動] INFO  o.e.m.i.launch.MavenLaunchDelegate - /Users/tyouree/Documents/workspace/javaapp/javaweb
2022-05-06 23:21:51,088 [Worker-12: Executing install in _Users_tyouree_Documents_workspace_javaapp_javaweb の起動] INFO  o.e.m.i.launch.MavenLaunchDelegate -  mvn -B install
2022-05-06 23:22:02,616 [Worker-12: ビルド] INFO  o.e.m.c.i.embedder.EclipseLogger - Source directory: /Users/tyouree/Documents/workspace/javaapp/javaweb/javaweb-domain/src/generated/java added.
2022-05-06 23:22:02,617 [Worker-12: ビルド] INFO  o.e.m.c.i.embedder.EclipseLogger - Using 'UTF-8' encoding to copy filtered resources.
2022-05-06 23:22:02,617 [Worker-12: ビルド] INFO  o.e.m.c.i.embedder.EclipseLogger - Using 'UTF-8' encoding to copy filtered properties files.
2022-05-06 23:22:02,617 [Worker-12: ビルド] INFO  o.e.m.c.i.embedder.EclipseLogger - Copying 0 resource
2022-05-06 23:22:02,617 [Worker-12: ビルド] INFO  o.e.m.c.i.embedder.EclipseLogger - skip non existing resourceDirectory /Users/tyouree/Documents/workspace/javaapp/javaweb/javaweb-domain/src/generated/resources
2022-05-06 23:22:02,618 [Worker-12: ビルド] INFO  o.e.m.c.i.embedder.EclipseLogger - Using 'UTF-8' encoding to copy filtered resources.
2022-05-06 23:22:02,618 [Worker-12: ビルド] INFO  o.e.m.c.i.embedder.EclipseLogger - Using 'UTF-8' encoding to copy filtered properties files.
2022-05-06 23:22:02,618 [Worker-12: ビルド] INFO  o.e.m.c.i.embedder.EclipseLogger - Copying 0 resource
2022-05-06 23:22:02,624 [Worker-12: ビルド] INFO  o.e.m.c.i.embedder.EclipseLogger - Using 'UTF-8' encoding to copy filtered resources.
2022-05-06 23:22:02,624 [Worker-12: ビルド] INFO  o.e.m.c.i.embedder.EclipseLogger - Using 'UTF-8' encoding to copy filtered properties files.
2022-05-06 23:22:02,624 [Worker-12: ビルド] INFO  o.e.m.c.i.embedder.EclipseLogger - Copying 6 resources
2022-05-06 23:22:02,629 [Worker-12: ビルド] INFO  o.e.m.c.i.embedder.EclipseLogger - Using 'UTF-8' encoding to copy filtered resources.
2022-05-06 23:22:02,629 [Worker-12: ビルド] INFO  o.e.m.c.i.embedder.EclipseLogger - Using 'UTF-8' encoding to copy filtered properties files.
2022-05-06 23:22:02,629 [Worker-12: ビルド] INFO  o.e.m.c.i.embedder.EclipseLogger - skip non existing resourceDirectory /Users/tyouree/Documents/workspace/javaapp/javaweb/javaweb-env/src/test/resources
2022-05-06 23:22:02,634 [Worker-12: ビルド] INFO  o.e.m.c.i.embedder.EclipseLogger - Using 'UTF-8' encoding to copy filtered resources.
2022-05-06 23:22:02,634 [Worker-12: ビルド] INFO  o.e.m.c.i.embedder.EclipseLogger - Using 'UTF-8' encoding to copy filtered properties files.
2022-05-06 23:22:02,635 [Worker-12: ビルド] INFO  o.e.m.c.i.embedder.EclipseLogger - skip non existing resourceDirectory /Users/tyouree/Documents/workspace/javaapp/javaweb/javaweb-initdb/src/main/resources
2022-05-06 23:22:02,635 [Worker-12: ビルド] INFO  o.e.m.c.i.embedder.EclipseLogger - Using 'UTF-8' encoding to copy filtered resources.
2022-05-06 23:22:02,635 [Worker-12: ビルド] INFO  o.e.m.c.i.embedder.EclipseLogger - Using 'UTF-8' encoding to copy filtered properties files.
2022-05-06 23:22:02,635 [Worker-12: ビルド] INFO  o.e.m.c.i.embedder.EclipseLogger - skip non existing resourceDirectory /Users/tyouree/Documents/workspace/javaapp/javaweb/javaweb-initdb/src/test/resources
2022-05-06 23:22:02,640 [Worker-12: ビルド] INFO  o.e.m.c.i.embedder.EclipseLogger - Source directory: /Users/tyouree/Documents/workspace/javaapp/javaweb/javaweb-selenium/src/generated/java added.
2022-05-06 23:22:02,641 [Worker-12: ビルド] INFO  o.e.m.c.i.embedder.EclipseLogger - Using 'UTF-8' encoding to copy filtered resources.
2022-05-06 23:22:02,641 [Worker-12: ビルド] INFO  o.e.m.c.i.embedder.EclipseLogger - Using 'UTF-8' encoding to copy filtered properties files.
2022-05-06 23:22:02,641 [Worker-12: ビルド] INFO  o.e.m.c.i.embedder.EclipseLogger - skip non existing resourceDirectory /Users/tyouree/Documents/workspace/javaapp/javaweb/javaweb-selenium/src/main/resources
2022-05-06 23:22:02,641 [Worker-12: ビルド] INFO  o.e.m.c.i.embedder.EclipseLogger - skip non existing resourceDirectory /Users/tyouree/Documents/workspace/javaapp/javaweb/javaweb-selenium/src/generated/resources
2022-05-06 23:22:02,642 [Worker-12: ビルド] INFO  o.e.m.c.i.embedder.EclipseLogger - Using 'UTF-8' encoding to copy filtered resources.
2022-05-06 23:22:02,642 [Worker-12: ビルド] INFO  o.e.m.c.i.embedder.EclipseLogger - Using 'UTF-8' encoding to copy filtered properties files.
2022-05-06 23:22:02,642 [Worker-12: ビルド] INFO  o.e.m.c.i.embedder.EclipseLogger - Copying 0 resource
2022-05-06 23:22:02,875 [Worker-12: ビルド] INFO  o.e.m.c.i.p.WorkspaceClassifierResolverManager - Resolving P/javaweb-domain: com.example.javaweb:javaweb-domain:1.0.0-SNAPSHOT with classifier  to /javaweb-domain/target/classes
2022-05-06 23:22:02,880 [Worker-12: ビルド] INFO  o.e.m.c.i.p.WorkspaceClassifierResolverManager - Resolving P/javaweb-env: com.example.javaweb:javaweb-env:1.0.0-SNAPSHOT with classifier  to /javaweb-env/target/classes
2022-05-06 23:22:02,883 [Worker-12: ビルド] INFO  o.e.m.c.i.embedder.EclipseLogger - Source directory: /Users/tyouree/Documents/workspace/javaapp/javaweb/javaweb-web/src/generated/java added.
2022-05-06 23:22:02,884 [Worker-12: ビルド] INFO  o.e.m.c.i.embedder.EclipseLogger - Using 'UTF-8' encoding to copy filtered resources.
2022-05-06 23:22:02,884 [Worker-12: ビルド] INFO  o.e.m.c.i.embedder.EclipseLogger - Using 'UTF-8' encoding to copy filtered properties files.
2022-05-06 23:22:02,884 [Worker-12: ビルド] INFO  o.e.m.c.i.embedder.EclipseLogger - Copying 0 resource
2022-05-06 23:22:02,884 [Worker-12: ビルド] INFO  o.e.m.c.i.embedder.EclipseLogger - skip non existing resourceDirectory /Users/tyouree/Documents/workspace/javaapp/javaweb/javaweb-web/src/generated/resources
2022-05-06 23:22:02,885 [Worker-12: ビルド] INFO  o.e.m.c.i.embedder.EclipseLogger - Using 'UTF-8' encoding to copy filtered resources.
2022-05-06 23:22:02,885 [Worker-12: ビルド] INFO  o.e.m.c.i.embedder.EclipseLogger - Using 'UTF-8' encoding to copy filtered properties files.
2022-05-06 23:22:02,885 [Worker-12: ビルド] INFO  o.e.m.c.i.embedder.EclipseLogger - Copying 0 resource
2022-05-07 00:17:22,836 [Worker-35: Maven プロジェクトのインポート中] INFO  o.e.m.c.i.l.LifecycleMappingFactory - Using org.eclipse.m2e.jdt.JarLifecycleMapping lifecycle mapping for MavenProject: org.terasoluna.app:terasoluna-tourreservation-env:5.7.1.SP1.RELEASE @ /Users/tyouree/Documents/workspace/terasoluna-tourreservation/terasoluna-tourreservation-env/pom.xml.
2022-05-07 00:17:23,023 [Worker-35: Maven プロジェクトのインポート中] INFO  o.e.m.c.i.l.LifecycleMappingFactory - Using org.eclipse.m2e.jdt.JarLifecycleMapping lifecycle mapping for MavenProject: org.terasoluna.app:terasoluna-tourreservation-web:5.7.1.SP1.RELEASE @ /Users/tyouree/Documents/workspace/terasoluna-tourreservation/terasoluna-tourreservation-web/pom.xml.
2022-05-07 00:17:24,408 [Worker-35: Maven プロジェクトのインポート中] INFO  o.e.m.c.i.e.AbstractTransferListenerAdapter - Downloaded https://repo.spring.io/milestone/com/github/librepdf/openpdf/1.0.5/openpdf-1.0.5.pom
2022-05-07 00:17:25,180 [Worker-35: Maven プロジェクトのインポート中] INFO  o.e.m.c.i.e.AbstractTransferListenerAdapter - https://repo.maven.apache.org/maven2/com/github/librepdf/openpdf/1.0.5/openpdf-1.0.5.pom のダウンロード中
2022-05-07 00:17:40,487 [Worker-35: Maven プロジェクトのインポート中] INFO  o.e.m.c.i.e.AbstractTransferListenerAdapter - Downloaded https://repo.maven.apache.org/maven2/com/github/librepdf/openpdf/1.0.5/openpdf-1.0.5.pom
2022-05-07 00:17:40,711 [Worker-35: Maven プロジェクトのインポート中] INFO  o.e.m.c.i.e.AbstractTransferListenerAdapter - Downloaded https://repo.spring.io/milestone/com/github/librepdf/openpdf-parent/1.0.5/openpdf-parent-1.0.5.pom
2022-05-07 00:17:40,870 [Worker-35: Maven プロジェクトのインポート中] INFO  o.e.m.c.i.e.AbstractTransferListenerAdapter - https://repo.maven.apache.org/maven2/com/github/librepdf/openpdf-parent/1.0.5/openpdf-parent-1.0.5.pom のダウンロード中
2022-05-07 00:17:41,050 [Worker-35: Maven プロジェクトのインポート中] INFO  o.e.m.c.i.e.AbstractTransferListenerAdapter - Downloaded https://repo.maven.apache.org/maven2/com/github/librepdf/openpdf-parent/1.0.5/openpdf-parent-1.0.5.pom
2022-05-07 00:17:41,288 [Worker-35: Maven プロジェクトのインポート中] INFO  o.e.m.c.i.e.AbstractTransferListenerAdapter - Downloaded https://repo.spring.io/milestone/org/bouncycastle/bcprov-jdk15on/1.69/bcprov-jdk15on-1.69.pom
2022-05-07 00:17:41,454 [Worker-35: Maven プロジェクトのインポート中] INFO  o.e.m.c.i.e.AbstractTransferListenerAdapter - https://repo.maven.apache.org/maven2/org/bouncycastle/bcprov-jdk15on/1.69/bcprov-jdk15on-1.69.pom のダウンロード中
2022-05-07 00:17:41,613 [Worker-35: Maven プロジェクトのインポート中] INFO  o.e.m.c.i.e.AbstractTransferListenerAdapter - Downloaded https://repo.maven.apache.org/maven2/org/bouncycastle/bcprov-jdk15on/1.69/bcprov-jdk15on-1.69.pom
2022-05-07 00:17:41,812 [Worker-35: Maven プロジェクトのインポート中] INFO  o.e.m.c.i.e.AbstractTransferListenerAdapter - Downloaded https://repo.spring.io/milestone/org/bouncycastle/bcpkix-jdk15on/1.58/bcpkix-jdk15on-1.58.pom
2022-05-07 00:17:41,984 [Worker-35: Maven プロジェクトのインポート中] INFO  o.e.m.c.i.e.AbstractTransferListenerAdapter - https://repo.maven.apache.org/maven2/org/bouncycastle/bcpkix-jdk15on/1.58/bcpkix-jdk15on-1.58.pom のダウンロード中
2022-05-07 00:17:42,137 [Worker-35: Maven プロジェクトのインポート中] INFO  o.e.m.c.i.e.AbstractTransferListenerAdapter - Downloaded https://repo.maven.apache.org/maven2/org/bouncycastle/bcpkix-jdk15on/1.58/bcpkix-jdk15on-1.58.pom
2022-05-07 00:17:42,152 [Worker-35: Maven プロジェクトのインポート中] INFO  o.e.m.c.i.p.WorkspaceClassifierResolverManager - Resolving P/terasoluna-tourreservation-domain: org.terasoluna.app:terasoluna-tourreservation-domain:5.7.1.SP1.RELEASE with classifier  to /terasoluna-tourreservation-domain/target/classes
2022-05-07 00:17:42,159 [Worker-35: Maven プロジェクトのインポート中] INFO  o.e.m.c.i.p.WorkspaceClassifierResolverManager - Resolving P/terasoluna-tourreservation-env: org.terasoluna.app:terasoluna-tourreservation-env:5.7.1.SP1.RELEASE with classifier  to /terasoluna-tourreservation-env/target/classes
2022-05-07 00:17:42,373 [AetherRepositoryConnector-repo.spring.io-0-0] INFO  o.e.m.c.i.e.AbstractTransferListenerAdapter - Downloaded https://repo.spring.io/milestone/com/github/librepdf/openpdf/1.0.5/openpdf-1.0.5.jar
2022-05-07 00:17:42,806 [AetherRepositoryConnector-repo.spring.io-0-1] INFO  o.e.m.c.i.e.AbstractTransferListenerAdapter - Downloaded https://repo.spring.io/milestone/org/bouncycastle/bcprov-jdk15on/1.69/bcprov-jdk15on-1.69.jar
2022-05-07 00:17:43,000 [AetherRepositoryConnector-repo.spring.io-0-2] INFO  o.e.m.c.i.e.AbstractTransferListenerAdapter - Downloaded https://repo.spring.io/milestone/org/bouncycastle/bcpkix-jdk15on/1.58/bcpkix-jdk15on-1.58.jar
2022-05-07 00:17:43,159 [AetherRepositoryConnector-repo.maven.apache.org-1-0] INFO  o.e.m.c.i.e.AbstractTransferListenerAdapter - https://repo.maven.apache.org/maven2/com/github/librepdf/openpdf/1.0.5/openpdf-1.0.5.jar のダウンロード中
2022-05-07 00:17:43,293 [AetherRepositoryConnector-repo.maven.apache.org-1-1] INFO  o.e.m.c.i.e.AbstractTransferListenerAdapter - https://repo.maven.apache.org/maven2/org/bouncycastle/bcprov-jdk15on/1.69/bcprov-jdk15on-1.69.jar のダウンロード中
2022-05-07 00:17:43,294 [AetherRepositoryConnector-repo.maven.apache.org-1-2] INFO  o.e.m.c.i.e.AbstractTransferListenerAdapter - https://repo.maven.apache.org/maven2/org/bouncycastle/bcpkix-jdk15on/1.58/bcpkix-jdk15on-1.58.jar のダウンロード中
2022-05-07 00:17:45,314 [AetherRepositoryConnector-repo.maven.apache.org-1-0] INFO  o.e.m.c.i.e.AbstractTransferListenerAdapter - Downloaded https://repo.maven.apache.org/maven2/com/github/librepdf/openpdf/1.0.5/openpdf-1.0.5.jar
2022-05-07 00:17:45,314 [AetherRepositoryConnector-repo.maven.apache.org-1-2] INFO  o.e.m.c.i.e.AbstractTransferListenerAdapter - Downloaded https://repo.maven.apache.org/maven2/org/bouncycastle/bcpkix-jdk15on/1.58/bcpkix-jdk15on-1.58.jar
2022-05-07 00:17:45,541 [AetherRepositoryConnector-repo.maven.apache.org-1-1] INFO  o.e.m.c.i.e.AbstractTransferListenerAdapter - Downloaded https://repo.maven.apache.org/maven2/org/bouncycastle/bcprov-jdk15on/1.69/bcprov-jdk15on-1.69.jar
2022-05-07 00:17:45,563 [Worker-35: Maven プロジェクトのインポート中] INFO  o.e.m.c.i.l.LifecycleMappingFactory - Using org.eclipse.m2e.jdt.JarLifecycleMapping lifecycle mapping for MavenProject: org.terasoluna.app:terasoluna-tourreservation-domain:5.7.1.SP1.RELEASE @ /Users/tyouree/Documents/workspace/terasoluna-tourreservation/terasoluna-tourreservation-domain/pom.xml.
2022-05-07 00:17:45,573 [Worker-35: Maven プロジェクトのインポート中] INFO  o.e.m.c.i.p.WorkspaceClassifierResolverManager - Resolving P/terasoluna-tourreservation-env: org.terasoluna.app:terasoluna-tourreservation-env:5.7.1.SP1.RELEASE with classifier  to /terasoluna-tourreservation-env/target/classes
2022-05-07 00:17:45,576 [Worker-35: Maven プロジェクトのインポート中] INFO  o.e.m.c.i.l.LifecycleMappingFactory - Using NULL lifecycle mapping for MavenProject: org.terasoluna.app:terasoluna-tourreservation:5.7.1.SP1.RELEASE @ /Users/tyouree/Documents/workspace/terasoluna-tourreservation/pom.xml.
2022-05-07 00:17:45,590 [Worker-35: Maven プロジェクトのインポート中] INFO  o.e.m.c.i.l.LifecycleMappingFactory - Using org.eclipse.m2e.jdt.JarLifecycleMapping lifecycle mapping for MavenProject: org.terasoluna.app:terasoluna-tourreservation-web:5.7.1.SP1.RELEASE @ /Users/tyouree/Documents/workspace/terasoluna-tourreservation/terasoluna-tourreservation-web/pom.xml.
2022-05-07 00:17:45,597 [Worker-35: Maven プロジェクトのインポート中] INFO  o.e.m.c.i.p.WorkspaceClassifierResolverManager - Resolving P/terasoluna-tourreservation-domain: org.terasoluna.app:terasoluna-tourreservation-domain:5.7.1.SP1.RELEASE with classifier  to /terasoluna-tourreservation-domain/target/classes
2022-05-07 00:17:45,605 [Worker-35: Maven プロジェクトのインポート中] INFO  o.e.m.c.i.p.WorkspaceClassifierResolverManager - Resolving P/terasoluna-tourreservation-env: org.terasoluna.app:terasoluna-tourreservation-env:5.7.1.SP1.RELEASE with classifier  to /terasoluna-tourreservation-env/target/classes
2022-05-07 00:17:45,621 [Worker-35: Maven プロジェクトのインポート中] INFO  o.e.m.c.i.l.LifecycleMappingFactory - Using org.eclipse.m2e.jdt.JarLifecycleMapping lifecycle mapping for MavenProject: org.terasoluna.app:terasoluna-tourreservation-env:5.7.1.SP1.RELEASE @ /Users/tyouree/Documents/workspace/terasoluna-tourreservation/terasoluna-tourreservation-env/pom.xml.
2022-05-07 00:17:45,644 [Worker-35: Maven プロジェクトのインポート中] INFO  o.e.m.c.i.l.LifecycleMappingFactory - Using org.eclipse.m2e.jdt.JarLifecycleMapping lifecycle mapping for MavenProject: org.terasoluna.app:terasoluna-tourreservation-domain:5.7.1.SP1.RELEASE @ /Users/tyouree/Documents/workspace/terasoluna-tourreservation/terasoluna-tourreservation-domain/pom.xml.
2022-05-07 00:17:45,654 [Worker-35: Maven プロジェクトのインポート中] INFO  o.e.m.c.i.p.WorkspaceClassifierResolverManager - Resolving P/terasoluna-tourreservation-env: org.terasoluna.app:terasoluna-tourreservation-env:5.7.1.SP1.RELEASE with classifier  to /terasoluna-tourreservation-env/target/classes
2022-05-07 00:17:45,676 [Worker-35: Maven プロジェクトのインポート中] INFO  o.e.m.c.i.l.LifecycleMappingFactory - Using org.eclipse.m2e.jdt.JarLifecycleMapping lifecycle mapping for MavenProject: org.terasoluna.app:terasoluna-tourreservation-web:5.7.1.SP1.RELEASE @ /Users/tyouree/Documents/workspace/terasoluna-tourreservation/terasoluna-tourreservation-web/pom.xml.
2022-05-07 00:17:45,683 [Worker-35: Maven プロジェクトのインポート中] INFO  o.e.m.c.i.p.WorkspaceClassifierResolverManager - Resolving P/terasoluna-tourreservation-domain: org.terasoluna.app:terasoluna-tourreservation-domain:5.7.1.SP1.RELEASE with classifier  to /terasoluna-tourreservation-domain/target/classes
2022-05-07 00:17:45,691 [Worker-35: Maven プロジェクトのインポート中] INFO  o.e.m.c.i.p.WorkspaceClassifierResolverManager - Resolving P/terasoluna-tourreservation-env: org.terasoluna.app:terasoluna-tourreservation-env:5.7.1.SP1.RELEASE with classifier  to /terasoluna-tourreservation-env/target/classes
2022-05-07 00:17:45,808 [Worker-35: Maven プロジェクトのインポート中] INFO  o.e.m.j.i.AbstractJavaProjectConfigurator - Adding source folder /terasoluna-tourreservation-env/src/main/java
2022-05-07 00:17:45,808 [Worker-35: Maven プロジェクトのインポート中] INFO  o.e.m.j.i.AbstractJavaProjectConfigurator - Adding resource folder /terasoluna-tourreservation-env/src/main/resources
2022-05-07 00:17:45,811 [Worker-35: Maven プロジェクトのインポート中] INFO  o.e.m.j.i.AbstractJavaProjectConfigurator - Adding source folder /terasoluna-tourreservation-env/src/test/java
2022-05-07 00:17:45,887 [Worker-35: Maven プロジェクトのインポート中] INFO  o.e.m.c.i.embedder.EclipseLogger - Source directory: /Users/tyouree/Documents/workspace/terasoluna-tourreservation/terasoluna-tourreservation-domain/src/generated/java added.
2022-05-07 00:17:45,897 [Worker-35: Maven プロジェクトのインポート中] INFO  o.e.m.j.i.AbstractJavaProjectConfigurator - Adding source folder /terasoluna-tourreservation-domain/src/main/java
2022-05-07 00:17:45,898 [Worker-35: Maven プロジェクトのインポート中] INFO  o.e.m.j.i.AbstractJavaProjectConfigurator - Adding source folder /terasoluna-tourreservation-domain/src/generated/java
2022-05-07 00:17:45,898 [Worker-35: Maven プロジェクトのインポート中] INFO  o.e.m.j.i.AbstractJavaProjectConfigurator - Adding resource folder /terasoluna-tourreservation-domain/src/main/resources
2022-05-07 00:17:45,902 [Worker-35: Maven プロジェクトのインポート中] INFO  o.e.m.j.i.AbstractJavaProjectConfigurator - Adding source folder /terasoluna-tourreservation-domain/src/test/java
2022-05-07 00:17:45,902 [Worker-35: Maven プロジェクトのインポート中] INFO  o.e.m.j.i.AbstractJavaProjectConfigurator - Adding resource folder /terasoluna-tourreservation-domain/src/test/resources
2022-05-07 00:17:45,973 [Worker-35: Maven プロジェクトのインポート中] INFO  o.e.m.c.i.embedder.EclipseLogger - Source directory: /Users/tyouree/Documents/workspace/terasoluna-tourreservation/terasoluna-tourreservation-web/src/generated/java added.
2022-05-07 00:17:45,983 [Worker-35: Maven プロジェクトのインポート中] INFO  o.e.m.j.i.AbstractJavaProjectConfigurator - Adding source folder /terasoluna-tourreservation-web/src/main/java
2022-05-07 00:17:45,983 [Worker-35: Maven プロジェクトのインポート中] INFO  o.e.m.j.i.AbstractJavaProjectConfigurator - Adding source folder /terasoluna-tourreservation-web/src/generated/java
2022-05-07 00:17:45,983 [Worker-35: Maven プロジェクトのインポート中] INFO  o.e.m.j.i.AbstractJavaProjectConfigurator - Adding resource folder /terasoluna-tourreservation-web/src/main/resources
2022-05-07 00:17:45,989 [Worker-35: Maven プロジェクトのインポート中] INFO  o.e.m.j.i.AbstractJavaProjectConfigurator - Adding source folder /terasoluna-tourreservation-web/src/test/java
2022-05-07 00:17:46,066 [Worker-35: Maven プロジェクトのインポート中] INFO  o.e.m.c.i.p.ProjectConfigurationManager - Imported and configured 4 project(s) in 23 sec
2022-05-07 00:17:46,958 [Worker-37: ソースおよび Javadoc のダウンロード] ERROR o.e.m.j.internal.DownloadSourcesJob - Could not download sources for com.google.guava:listenablefuture:9999.0-empty-to-avoid-conflict-with-guava
org.eclipse.core.runtime.CoreException: Could not resolve artifact com.google.guava:listenablefuture:jar:sources:9999.0-empty-to-avoid-conflict-with-guava
	at org.eclipse.m2e.core.internal.embedder.MavenImpl.lambda$4(MavenImpl.java:828)
	at org.eclipse.m2e.core.internal.embedder.MavenExecutionContext.executeBare(MavenExecutionContext.java:182)
	at org.eclipse.m2e.core.internal.embedder.MavenExecutionContext.execute(MavenExecutionContext.java:117)
	at org.eclipse.m2e.core.internal.embedder.MavenExecutionContext.execute(MavenExecutionContext.java:103)
	at org.eclipse.m2e.core.internal.embedder.MavenImpl.resolve(MavenImpl.java:796)
	at org.eclipse.m2e.core.internal.embedder.MavenImpl.resolve(MavenImpl.java:773)
	at org.eclipse.m2e.jdt.internal.DownloadSourcesJob.download(DownloadSourcesJob.java:311)
	at org.eclipse.m2e.jdt.internal.DownloadSourcesJob.downloadAttachments(DownloadSourcesJob.java:285)
	at org.eclipse.m2e.jdt.internal.DownloadSourcesJob.downloadMaven(DownloadSourcesJob.java:255)
	at org.eclipse.m2e.jdt.internal.DownloadSourcesJob.downloadFilesAndPopulateToUpdate(DownloadSourcesJob.java:223)
	at org.eclipse.m2e.jdt.internal.DownloadSourcesJob.lambda$0(DownloadSourcesJob.java:152)
	at org.eclipse.m2e.core.internal.embedder.MavenExecutionContext.executeBare(MavenExecutionContext.java:182)
	at org.eclipse.m2e.core.internal.embedder.MavenExecutionContext.execute(MavenExecutionContext.java:156)
	at org.eclipse.m2e.core.internal.embedder.MavenExecutionContext.execute(MavenExecutionContext.java:103)
	at org.eclipse.m2e.core.internal.embedder.MavenImpl.execute(MavenImpl.java:1416)
	at org.eclipse.m2e.jdt.internal.DownloadSourcesJob.run(DownloadSourcesJob.java:152)
	at org.eclipse.core.internal.jobs.Worker.run(Worker.java:63)
2022-05-07 00:17:46,964 [Worker-37: ソースおよび Javadoc のダウンロード] ERROR o.e.m.j.internal.DownloadSourcesJob - Could not download sources for antlr:antlr:2.7.7
org.eclipse.core.runtime.CoreException: Could not resolve artifact antlr:antlr:jar:sources:2.7.7
	at org.eclipse.m2e.core.internal.embedder.MavenImpl.lambda$4(MavenImpl.java:828)
	at org.eclipse.m2e.core.internal.embedder.MavenExecutionContext.executeBare(MavenExecutionContext.java:182)
	at org.eclipse.m2e.core.internal.embedder.MavenExecutionContext.execute(MavenExecutionContext.java:117)
	at org.eclipse.m2e.core.internal.embedder.MavenExecutionContext.execute(MavenExecutionContext.java:103)
	at org.eclipse.m2e.core.internal.embedder.MavenImpl.resolve(MavenImpl.java:796)
	at org.eclipse.m2e.core.internal.embedder.MavenImpl.resolve(MavenImpl.java:773)
	at org.eclipse.m2e.jdt.internal.DownloadSourcesJob.download(DownloadSourcesJob.java:311)
	at org.eclipse.m2e.jdt.internal.DownloadSourcesJob.downloadAttachments(DownloadSourcesJob.java:285)
	at org.eclipse.m2e.jdt.internal.DownloadSourcesJob.downloadMaven(DownloadSourcesJob.java:255)
	at org.eclipse.m2e.jdt.internal.DownloadSourcesJob.downloadFilesAndPopulateToUpdate(DownloadSourcesJob.java:223)
	at org.eclipse.m2e.jdt.internal.DownloadSourcesJob.lambda$0(DownloadSourcesJob.java:152)
	at org.eclipse.m2e.core.internal.embedder.MavenExecutionContext.executeBare(MavenExecutionContext.java:182)
	at org.eclipse.m2e.core.internal.embedder.MavenExecutionContext.execute(MavenExecutionContext.java:156)
	at org.eclipse.m2e.core.internal.embedder.MavenExecutionContext.execute(MavenExecutionContext.java:103)
	at org.eclipse.m2e.core.internal.embedder.MavenImpl.execute(MavenImpl.java:1416)
	at org.eclipse.m2e.jdt.internal.DownloadSourcesJob.run(DownloadSourcesJob.java:152)
	at org.eclipse.core.internal.jobs.Worker.run(Worker.java:63)
2022-05-07 00:17:47,316 [Worker-37: ソースおよび Javadoc のダウンロード] INFO  o.e.m.c.i.p.WorkspaceClassifierResolverManager - Resolving P/terasoluna-tourreservation-domain: org.terasoluna.app:terasoluna-tourreservation-domain:5.7.1.SP1.RELEASE with classifier  to /terasoluna-tourreservation-domain/target/classes
2022-05-07 00:17:47,325 [Worker-37: ソースおよび Javadoc のダウンロード] INFO  o.e.m.c.i.p.WorkspaceClassifierResolverManager - Resolving P/terasoluna-tourreservation-env: org.terasoluna.app:terasoluna-tourreservation-env:5.7.1.SP1.RELEASE with classifier  to /terasoluna-tourreservation-env/target/classes
2022-05-07 00:17:47,329 [Worker-37: ソースおよび Javadoc のダウンロード] ERROR o.e.m.j.internal.DownloadSourcesJob - Could not download javadoc for com.google.guava:listenablefuture:9999.0-empty-to-avoid-conflict-with-guava
org.eclipse.core.runtime.CoreException: Could not resolve artifact com.google.guava:listenablefuture:jar:javadoc:9999.0-empty-to-avoid-conflict-with-guava
	at org.eclipse.m2e.core.internal.embedder.MavenImpl.lambda$4(MavenImpl.java:828)
	at org.eclipse.m2e.core.internal.embedder.MavenExecutionContext.executeBare(MavenExecutionContext.java:182)
	at org.eclipse.m2e.core.internal.embedder.MavenExecutionContext.execute(MavenExecutionContext.java:117)
	at org.eclipse.m2e.core.internal.embedder.MavenExecutionContext.execute(MavenExecutionContext.java:103)
	at org.eclipse.m2e.core.internal.embedder.MavenImpl.resolve(MavenImpl.java:796)
	at org.eclipse.m2e.core.internal.embedder.MavenImpl.resolve(MavenImpl.java:773)
	at org.eclipse.m2e.jdt.internal.DownloadSourcesJob.download(DownloadSourcesJob.java:311)
	at org.eclipse.m2e.jdt.internal.DownloadSourcesJob.downloadAttachments(DownloadSourcesJob.java:297)
	at org.eclipse.m2e.jdt.internal.DownloadSourcesJob.downloadMaven(DownloadSourcesJob.java:255)
	at org.eclipse.m2e.jdt.internal.DownloadSourcesJob.downloadFilesAndPopulateToUpdate(DownloadSourcesJob.java:223)
	at org.eclipse.m2e.jdt.internal.DownloadSourcesJob.lambda$0(DownloadSourcesJob.java:152)
	at org.eclipse.m2e.core.internal.embedder.MavenExecutionContext.executeBare(MavenExecutionContext.java:182)
	at org.eclipse.m2e.core.internal.embedder.MavenExecutionContext.execute(MavenExecutionContext.java:156)
	at org.eclipse.m2e.core.internal.embedder.MavenExecutionContext.execute(MavenExecutionContext.java:103)
	at org.eclipse.m2e.core.internal.embedder.MavenImpl.execute(MavenImpl.java:1416)
	at org.eclipse.m2e.jdt.internal.DownloadSourcesJob.run(DownloadSourcesJob.java:152)
	at org.eclipse.core.internal.jobs.Worker.run(Worker.java:63)
2022-05-07 00:17:47,512 [Worker-27: ビルド] INFO  o.e.m.c.i.embedder.EclipseLogger - Using 'UTF-8' encoding to copy filtered resources.
2022-05-07 00:17:47,512 [Worker-27: ビルド] INFO  o.e.m.c.i.embedder.EclipseLogger - Using 'UTF-8' encoding to copy filtered properties files.
2022-05-07 00:17:47,512 [Worker-27: ビルド] INFO  o.e.m.c.i.embedder.EclipseLogger - Copying 5 resources
2022-05-07 00:17:47,518 [Worker-27: ビルド] INFO  o.e.m.c.i.embedder.EclipseLogger - Using 'UTF-8' encoding to copy filtered resources.
2022-05-07 00:17:47,518 [Worker-27: ビルド] INFO  o.e.m.c.i.embedder.EclipseLogger - Using 'UTF-8' encoding to copy filtered properties files.
2022-05-07 00:17:47,518 [Worker-27: ビルド] INFO  o.e.m.c.i.embedder.EclipseLogger - skip non existing resourceDirectory /Users/tyouree/Documents/workspace/terasoluna-tourreservation/terasoluna-tourreservation-env/src/test/resources
2022-05-07 00:17:48,293 [Worker-37: ソースおよび Javadoc のダウンロード] INFO  o.e.m.c.i.e.AbstractTransferListenerAdapter - Downloaded https://repo.spring.io/milestone/antlr/antlr/2.7.7/antlr-2.7.7-javadoc.jar
2022-05-07 00:17:48,596 [Worker-27: ビルド] INFO  o.e.m.c.i.p.WorkspaceClassifierResolverManager - Resolving P/terasoluna-tourreservation-env: org.terasoluna.app:terasoluna-tourreservation-env:5.7.1.SP1.RELEASE with classifier  to /terasoluna-tourreservation-env/target/classes
2022-05-07 00:17:48,602 [Worker-27: ビルド] INFO  o.e.m.c.i.embedder.EclipseLogger - Source directory: /Users/tyouree/Documents/workspace/terasoluna-tourreservation/terasoluna-tourreservation-domain/src/generated/java added.
2022-05-07 00:17:48,604 [Worker-27: ビルド] INFO  o.e.m.c.i.embedder.EclipseLogger - Using 'UTF-8' encoding to copy filtered resources.
2022-05-07 00:17:48,604 [Worker-27: ビルド] INFO  o.e.m.c.i.embedder.EclipseLogger - Using 'UTF-8' encoding to copy filtered properties files.
2022-05-07 00:17:48,604 [Worker-27: ビルド] INFO  o.e.m.c.i.embedder.EclipseLogger - Copying 6 resources
2022-05-07 00:17:48,612 [Worker-27: ビルド] INFO  o.e.m.c.i.embedder.EclipseLogger - skip non existing resourceDirectory /Users/tyouree/Documents/workspace/terasoluna-tourreservation/terasoluna-tourreservation-domain/src/generated/resources
2022-05-07 00:17:48,613 [Worker-27: ビルド] INFO  o.e.m.c.i.embedder.EclipseLogger - Using 'UTF-8' encoding to copy filtered resources.
2022-05-07 00:17:48,613 [Worker-27: ビルド] INFO  o.e.m.c.i.embedder.EclipseLogger - Using 'UTF-8' encoding to copy filtered properties files.
2022-05-07 00:17:48,613 [Worker-27: ビルド] INFO  o.e.m.c.i.embedder.EclipseLogger - Copying 3 resources
2022-05-07 00:17:48,814 [Worker-37: ソースおよび Javadoc のダウンロード] INFO  o.e.m.c.i.e.AbstractTransferListenerAdapter - Downloaded https://repo.maven.apache.org/maven2/antlr/antlr/2.7.7/antlr-2.7.7-javadoc.jar
2022-05-07 00:17:48,818 [Worker-37: ソースおよび Javadoc のダウンロード] ERROR o.e.m.j.internal.DownloadSourcesJob - Could not download javadoc for antlr:antlr:2.7.7
org.eclipse.core.runtime.CoreException: Could not resolve artifact antlr:antlr:jar:javadoc:2.7.7
	at org.eclipse.m2e.core.internal.embedder.MavenImpl.lambda$4(MavenImpl.java:828)
	at org.eclipse.m2e.core.internal.embedder.MavenExecutionContext.executeBare(MavenExecutionContext.java:182)
	at org.eclipse.m2e.core.internal.embedder.MavenExecutionContext.execute(MavenExecutionContext.java:117)
	at org.eclipse.m2e.core.internal.embedder.MavenExecutionContext.execute(MavenExecutionContext.java:103)
	at org.eclipse.m2e.core.internal.embedder.MavenImpl.resolve(MavenImpl.java:796)
	at org.eclipse.m2e.core.internal.embedder.MavenImpl.resolve(MavenImpl.java:773)
	at org.eclipse.m2e.jdt.internal.DownloadSourcesJob.download(DownloadSourcesJob.java:311)
	at org.eclipse.m2e.jdt.internal.DownloadSourcesJob.downloadAttachments(DownloadSourcesJob.java:297)
	at org.eclipse.m2e.jdt.internal.DownloadSourcesJob.downloadMaven(DownloadSourcesJob.java:255)
	at org.eclipse.m2e.jdt.internal.DownloadSourcesJob.downloadFilesAndPopulateToUpdate(DownloadSourcesJob.java:223)
	at org.eclipse.m2e.jdt.internal.DownloadSourcesJob.lambda$0(DownloadSourcesJob.java:152)
	at org.eclipse.m2e.core.internal.embedder.MavenExecutionContext.executeBare(MavenExecutionContext.java:182)
	at org.eclipse.m2e.core.internal.embedder.MavenExecutionContext.execute(MavenExecutionContext.java:156)
	at org.eclipse.m2e.core.internal.embedder.MavenExecutionContext.execute(MavenExecutionContext.java:103)
	at org.eclipse.m2e.core.internal.embedder.MavenImpl.execute(MavenImpl.java:1416)
	at org.eclipse.m2e.jdt.internal.DownloadSourcesJob.run(DownloadSourcesJob.java:152)
	at org.eclipse.core.internal.jobs.Worker.run(Worker.java:63)
2022-05-07 00:17:49,062 [Worker-27: ビルド] INFO  o.e.m.c.i.embedder.EclipseLogger - Source directory: /Users/tyouree/Documents/workspace/terasoluna-tourreservation/terasoluna-tourreservation-web/src/generated/java added.
2022-05-07 00:17:49,063 [Worker-27: ビルド] INFO  o.e.m.c.i.embedder.EclipseLogger - Using 'UTF-8' encoding to copy filtered resources.
2022-05-07 00:17:49,063 [Worker-27: ビルド] INFO  o.e.m.c.i.embedder.EclipseLogger - Using 'UTF-8' encoding to copy filtered properties files.
2022-05-07 00:17:49,064 [Worker-27: ビルド] INFO  o.e.m.c.i.embedder.EclipseLogger - Copying 11 resources
2022-05-07 00:17:49,072 [Worker-27: ビルド] INFO  o.e.m.c.i.embedder.EclipseLogger - skip non existing resourceDirectory /Users/tyouree/Documents/workspace/terasoluna-tourreservation/terasoluna-tourreservation-web/src/generated/resources
2022-05-07 00:17:49,074 [Worker-27: ビルド] INFO  o.e.m.c.i.embedder.EclipseLogger - Using 'UTF-8' encoding to copy filtered resources.
2022-05-07 00:17:49,074 [Worker-27: ビルド] INFO  o.e.m.c.i.embedder.EclipseLogger - Using 'UTF-8' encoding to copy filtered properties files.
2022-05-07 00:17:49,074 [Worker-27: ビルド] INFO  o.e.m.c.i.embedder.EclipseLogger - skip non existing resourceDirectory /Users/tyouree/Documents/workspace/terasoluna-tourreservation/terasoluna-tourreservation-web/src/test/resources
2022-05-07 00:17:49,842 [Worker-37: ソースおよび Javadoc のダウンロード] INFO  o.e.m.c.i.e.AbstractTransferListenerAdapter - Downloaded https://repo.spring.io/milestone/org/postgresql/postgresql/42.3.1/postgresql-42.3.1-sources.jar
2022-05-07 00:17:50,325 [Worker-37: ソースおよび Javadoc のダウンロード] INFO  o.e.m.c.i.e.AbstractTransferListenerAdapter - https://repo.maven.apache.org/maven2/org/postgresql/postgresql/42.3.1/postgresql-42.3.1-sources.jar のダウンロード中
2022-05-07 00:17:51,009 [Worker-37: ソースおよび Javadoc のダウンロード] INFO  o.e.m.c.i.e.AbstractTransferListenerAdapter - Downloaded https://repo.maven.apache.org/maven2/org/postgresql/postgresql/42.3.1/postgresql-42.3.1-sources.jar
2022-05-07 00:17:51,010 [Worker-37: ソースおよび Javadoc のダウンロード] INFO  o.e.m.j.internal.DownloadSourcesJob - Downloaded sources for org.postgresql:postgresql:42.3.1
2022-05-07 00:17:51,866 [Worker-37: ソースおよび Javadoc のダウンロード] INFO  o.e.m.c.i.e.AbstractTransferListenerAdapter - Downloaded https://repo.spring.io/milestone/org/checkerframework/checker-qual/3.5.0/checker-qual-3.5.0-sources.jar
2022-05-07 00:17:52,528 [Worker-37: ソースおよび Javadoc のダウンロード] INFO  o.e.m.c.i.e.AbstractTransferListenerAdapter - https://repo.maven.apache.org/maven2/org/checkerframework/checker-qual/3.5.0/checker-qual-3.5.0-sources.jar のダウンロード中
2022-05-07 00:17:53,007 [Worker-37: ソースおよび Javadoc のダウンロード] INFO  o.e.m.c.i.e.AbstractTransferListenerAdapter - Downloaded https://repo.maven.apache.org/maven2/org/checkerframework/checker-qual/3.5.0/checker-qual-3.5.0-sources.jar
2022-05-07 00:17:53,008 [Worker-37: ソースおよび Javadoc のダウンロード] INFO  o.e.m.j.internal.DownloadSourcesJob - Downloaded sources for org.checkerframework:checker-qual:3.5.0
2022-05-07 00:17:54,027 [Worker-37: ソースおよび Javadoc のダウンロード] INFO  o.e.m.c.i.e.AbstractTransferListenerAdapter - Downloaded https://repo.spring.io/milestone/com/github/librepdf/openpdf/1.0.5/openpdf-1.0.5-sources.jar
2022-05-07 00:17:54,514 [Worker-37: ソースおよび Javadoc のダウンロード] INFO  o.e.m.c.i.e.AbstractTransferListenerAdapter - https://repo.maven.apache.org/maven2/com/github/librepdf/openpdf/1.0.5/openpdf-1.0.5-sources.jar のダウンロード中
2022-05-07 00:17:55,754 [Worker-37: ソースおよび Javadoc のダウンロード] INFO  o.e.m.c.i.e.AbstractTransferListenerAdapter - Downloaded https://repo.maven.apache.org/maven2/com/github/librepdf/openpdf/1.0.5/openpdf-1.0.5-sources.jar
2022-05-07 00:17:55,756 [Worker-37: ソースおよび Javadoc のダウンロード] INFO  o.e.m.j.internal.DownloadSourcesJob - Downloaded sources for com.github.librepdf:openpdf:1.0.5
2022-05-07 00:18:06,944 [Worker-37: ソースおよび Javadoc のダウンロード] INFO  o.e.m.c.i.e.AbstractTransferListenerAdapter - Downloaded https://repo.spring.io/milestone/org/bouncycastle/bcprov-jdk15on/1.69/bcprov-jdk15on-1.69-sources.jar
2022-05-07 00:18:09,554 [Worker-37: ソースおよび Javadoc のダウンロード] INFO  o.e.m.c.i.e.AbstractTransferListenerAdapter - https://repo.maven.apache.org/maven2/org/bouncycastle/bcprov-jdk15on/1.69/bcprov-jdk15on-1.69-sources.jar のダウンロード中
2022-05-07 00:18:10,837 [Worker-37: ソースおよび Javadoc のダウンロード] INFO  o.e.m.c.i.e.AbstractTransferListenerAdapter - Downloaded https://repo.maven.apache.org/maven2/org/bouncycastle/bcprov-jdk15on/1.69/bcprov-jdk15on-1.69-sources.jar
2022-05-07 00:18:10,839 [Worker-37: ソースおよび Javadoc のダウンロード] INFO  o.e.m.j.internal.DownloadSourcesJob - Downloaded sources for org.bouncycastle:bcprov-jdk15on:1.69
2022-05-07 00:18:11,674 [Worker-37: ソースおよび Javadoc のダウンロード] INFO  o.e.m.c.i.e.AbstractTransferListenerAdapter - Downloaded https://repo.spring.io/milestone/org/bouncycastle/bcpkix-jdk15on/1.58/bcpkix-jdk15on-1.58-sources.jar
2022-05-07 00:18:12,230 [Worker-37: ソースおよび Javadoc のダウンロード] INFO  o.e.m.c.i.e.AbstractTransferListenerAdapter - https://repo.maven.apache.org/maven2/org/bouncycastle/bcpkix-jdk15on/1.58/bcpkix-jdk15on-1.58-sources.jar のダウンロード中
2022-05-07 00:18:12,902 [Worker-37: ソースおよび Javadoc のダウンロード] INFO  o.e.m.c.i.e.AbstractTransferListenerAdapter - Downloaded https://repo.maven.apache.org/maven2/org/bouncycastle/bcpkix-jdk15on/1.58/bcpkix-jdk15on-1.58-sources.jar
2022-05-07 00:18:12,904 [Worker-37: ソースおよび Javadoc のダウンロード] INFO  o.e.m.j.internal.DownloadSourcesJob - Downloaded sources for org.bouncycastle:bcpkix-jdk15on:1.58
2022-05-07 00:18:13,896 [Worker-37: ソースおよび Javadoc のダウンロード] INFO  o.e.m.c.i.e.AbstractTransferListenerAdapter - Downloaded https://repo.spring.io/milestone/org/springframework/security/spring-security-test/5.6.0/spring-security-test-5.6.0-sources.jar
2022-05-07 00:18:14,508 [Worker-37: ソースおよび Javadoc のダウンロード] INFO  o.e.m.c.i.e.AbstractTransferListenerAdapter - https://repo.maven.apache.org/maven2/org/springframework/security/spring-security-test/5.6.0/spring-security-test-5.6.0-sources.jar のダウンロード中
2022-05-07 00:18:14,851 [Worker-37: ソースおよび Javadoc のダウンロード] INFO  o.e.m.c.i.e.AbstractTransferListenerAdapter - Downloaded https://repo.maven.apache.org/maven2/org/springframework/security/spring-security-test/5.6.0/spring-security-test-5.6.0-sources.jar
2022-05-07 00:18:14,852 [Worker-37: ソースおよび Javadoc のダウンロード] INFO  o.e.m.j.internal.DownloadSourcesJob - Downloaded sources for org.springframework.security:spring-security-test:5.6.0
2022-05-07 00:18:15,510 [Worker-37: ソースおよび Javadoc のダウンロード] INFO  o.e.m.c.i.e.AbstractTransferListenerAdapter - Downloaded https://repo.spring.io/milestone/org/projectlombok/lombok/1.18.22/lombok-1.18.22-sources.jar
2022-05-07 00:18:16,101 [Worker-37: ソースおよび Javadoc のダウンロード] INFO  o.e.m.c.i.e.AbstractTransferListenerAdapter - https://repo.maven.apache.org/maven2/org/projectlombok/lombok/1.18.22/lombok-1.18.22-sources.jar のダウンロード中
2022-05-07 00:18:16,870 [Worker-37: ソースおよび Javadoc のダウンロード] INFO  o.e.m.c.i.e.AbstractTransferListenerAdapter - Downloaded https://repo.maven.apache.org/maven2/org/projectlombok/lombok/1.18.22/lombok-1.18.22-sources.jar
2022-05-07 00:18:16,872 [Worker-37: ソースおよび Javadoc のダウンロード] INFO  o.e.m.j.internal.DownloadSourcesJob - Downloaded sources for org.projectlombok:lombok:1.18.22
2022-05-07 00:18:16,876 [Worker-37: ソースおよび Javadoc のダウンロード] INFO  o.e.m.j.internal.DownloadSourcesJob - Downloaded sources for org.postgresql:postgresql:42.3.1
2022-05-07 00:18:16,877 [Worker-37: ソースおよび Javadoc のダウンロード] INFO  o.e.m.j.internal.DownloadSourcesJob - Downloaded sources for org.checkerframework:checker-qual:3.5.0
2022-05-07 00:18:16,878 [Worker-37: ソースおよび Javadoc のダウンロード] INFO  o.e.m.j.internal.DownloadSourcesJob - Downloaded sources for org.springframework.security:spring-security-test:5.6.0
2022-05-07 00:18:16,880 [Worker-37: ソースおよび Javadoc のダウンロード] INFO  o.e.m.j.internal.DownloadSourcesJob - Downloaded sources for org.projectlombok:lombok:1.18.22
2022-05-07 00:18:17,332 [Worker-35: ビルド] INFO  o.e.m.c.i.embedder.EclipseLogger - Source directory: /Users/tyouree/Documents/workspace/terasoluna-tourreservation/terasoluna-tourreservation-domain/src/generated/java added.
2022-05-07 00:18:17,333 [Worker-35: ビルド] INFO  o.e.m.c.i.embedder.EclipseLogger - Using 'UTF-8' encoding to copy filtered resources.
2022-05-07 00:18:17,333 [Worker-35: ビルド] INFO  o.e.m.c.i.embedder.EclipseLogger - Using 'UTF-8' encoding to copy filtered properties files.
2022-05-07 00:18:17,333 [Worker-35: ビルド] INFO  o.e.m.c.i.embedder.EclipseLogger - Copying 0 resource
2022-05-07 00:18:17,333 [Worker-35: ビルド] INFO  o.e.m.c.i.embedder.EclipseLogger - skip non existing resourceDirectory /Users/tyouree/Documents/workspace/terasoluna-tourreservation/terasoluna-tourreservation-domain/src/generated/resources
2022-05-07 00:18:17,334 [Worker-35: ビルド] INFO  o.e.m.c.i.embedder.EclipseLogger - Using 'UTF-8' encoding to copy filtered resources.
2022-05-07 00:18:17,334 [Worker-35: ビルド] INFO  o.e.m.c.i.embedder.EclipseLogger - Using 'UTF-8' encoding to copy filtered properties files.
2022-05-07 00:18:17,334 [Worker-35: ビルド] INFO  o.e.m.c.i.embedder.EclipseLogger - Copying 0 resource
2022-05-07 00:18:17,341 [Worker-35: ビルド] INFO  o.e.m.c.i.embedder.EclipseLogger - Source directory: /Users/tyouree/Documents/workspace/terasoluna-tourreservation/terasoluna-tourreservation-web/src/generated/java added.
2022-05-07 00:18:17,342 [Worker-35: ビルド] INFO  o.e.m.c.i.embedder.EclipseLogger - Using 'UTF-8' encoding to copy filtered resources.
2022-05-07 00:18:17,342 [Worker-35: ビルド] INFO  o.e.m.c.i.embedder.EclipseLogger - Using 'UTF-8' encoding to copy filtered properties files.
2022-05-07 00:18:17,342 [Worker-35: ビルド] INFO  o.e.m.c.i.embedder.EclipseLogger - Copying 0 resource
2022-05-07 00:18:17,342 [Worker-35: ビルド] INFO  o.e.m.c.i.embedder.EclipseLogger - skip non existing resourceDirectory /Users/tyouree/Documents/workspace/terasoluna-tourreservation/terasoluna-tourreservation-web/src/generated/resources
2022-05-07 00:18:17,343 [Worker-35: ビルド] INFO  o.e.m.c.i.embedder.EclipseLogger - Using 'UTF-8' encoding to copy filtered resources.
2022-05-07 00:18:17,343 [Worker-35: ビルド] INFO  o.e.m.c.i.embedder.EclipseLogger - Using 'UTF-8' encoding to copy filtered properties files.
2022-05-07 00:18:17,343 [Worker-35: ビルド] INFO  o.e.m.c.i.embedder.EclipseLogger - skip non existing resourceDirectory /Users/tyouree/Documents/workspace/terasoluna-tourreservation/terasoluna-tourreservation-web/src/test/resources
2022-05-07 00:18:47,807 [Worker-27: Executing install in _Users_tyouree_Documents_workspace_terasoluna-tourreservation の起動] INFO  o.e.m.i.launch.MavenLaunchDelegate - /Users/tyouree/Documents/workspace/terasoluna-tourreservation
2022-05-07 00:18:47,808 [Worker-27: Executing install in _Users_tyouree_Documents_workspace_terasoluna-tourreservation の起動] INFO  o.e.m.i.launch.MavenLaunchDelegate -  mvn -B install
2022-05-07 00:19:02,438 [Worker-42: ビルド] INFO  o.e.m.c.i.embedder.EclipseLogger - Using 'UTF-8' encoding to copy filtered resources.
2022-05-07 00:19:02,439 [Worker-42: ビルド] INFO  o.e.m.c.i.embedder.EclipseLogger - Using 'UTF-8' encoding to copy filtered properties files.
2022-05-07 00:19:02,439 [Worker-42: ビルド] INFO  o.e.m.c.i.embedder.EclipseLogger - Copying 5 resources
2022-05-07 00:19:02,443 [Worker-42: ビルド] INFO  o.e.m.c.i.embedder.EclipseLogger - Using 'UTF-8' encoding to copy filtered resources.
2022-05-07 00:19:02,443 [Worker-42: ビルド] INFO  o.e.m.c.i.embedder.EclipseLogger - Using 'UTF-8' encoding to copy filtered properties files.
2022-05-07 00:19:02,443 [Worker-42: ビルド] INFO  o.e.m.c.i.embedder.EclipseLogger - skip non existing resourceDirectory /Users/tyouree/Documents/workspace/terasoluna-tourreservation/terasoluna-tourreservation-env/src/test/resources
2022-05-07 00:19:02,450 [Worker-42: ビルド] INFO  o.e.m.c.i.embedder.EclipseLogger - Source directory: /Users/tyouree/Documents/workspace/terasoluna-tourreservation/terasoluna-tourreservation-domain/src/generated/java added.
2022-05-07 00:19:02,451 [Worker-42: ビルド] INFO  o.e.m.c.i.embedder.EclipseLogger - Using 'UTF-8' encoding to copy filtered resources.
2022-05-07 00:19:02,451 [Worker-42: ビルド] INFO  o.e.m.c.i.embedder.EclipseLogger - Using 'UTF-8' encoding to copy filtered properties files.
2022-05-07 00:19:02,451 [Worker-42: ビルド] INFO  o.e.m.c.i.embedder.EclipseLogger - Copying 0 resource
2022-05-07 00:19:02,451 [Worker-42: ビルド] INFO  o.e.m.c.i.embedder.EclipseLogger - skip non existing resourceDirectory /Users/tyouree/Documents/workspace/terasoluna-tourreservation/terasoluna-tourreservation-domain/src/generated/resources
2022-05-07 00:19:02,452 [Worker-42: ビルド] INFO  o.e.m.c.i.embedder.EclipseLogger - Using 'UTF-8' encoding to copy filtered resources.
2022-05-07 00:19:02,452 [Worker-42: ビルド] INFO  o.e.m.c.i.embedder.EclipseLogger - Using 'UTF-8' encoding to copy filtered properties files.
2022-05-07 00:19:02,453 [Worker-42: ビルド] INFO  o.e.m.c.i.embedder.EclipseLogger - Copying 3 resources
2022-05-07 00:26:00,205 [Worker-45: Executing install in _Users_tyouree_Documents_workspace_terasoluna-tourreservation の起動] INFO  o.e.m.i.launch.MavenLaunchDelegate - /Users/tyouree/Documents/workspace/terasoluna-tourreservation
2022-05-07 00:26:00,206 [Worker-45: Executing install in _Users_tyouree_Documents_workspace_terasoluna-tourreservation の起動] INFO  o.e.m.i.launch.MavenLaunchDelegate -  mvn -B install
2022-05-07 00:26:12,415 [Worker-45: ビルド] INFO  o.e.m.c.i.embedder.EclipseLogger - Using 'UTF-8' encoding to copy filtered resources.
2022-05-07 00:26:12,416 [Worker-45: ビルド] INFO  o.e.m.c.i.embedder.EclipseLogger - Using 'UTF-8' encoding to copy filtered properties files.
2022-05-07 00:26:12,416 [Worker-45: ビルド] INFO  o.e.m.c.i.embedder.EclipseLogger - Copying 5 resources
2022-05-07 00:26:12,421 [Worker-45: ビルド] INFO  o.e.m.c.i.embedder.EclipseLogger - Using 'UTF-8' encoding to copy filtered resources.
2022-05-07 00:26:12,421 [Worker-45: ビルド] INFO  o.e.m.c.i.embedder.EclipseLogger - Using 'UTF-8' encoding to copy filtered properties files.
2022-05-07 00:26:12,421 [Worker-45: ビルド] INFO  o.e.m.c.i.embedder.EclipseLogger - skip non existing resourceDirectory /Users/tyouree/Documents/workspace/terasoluna-tourreservation/terasoluna-tourreservation-env/src/test/resources
2022-05-07 00:26:12,428 [Worker-45: ビルド] INFO  o.e.m.c.i.embedder.EclipseLogger - Source directory: /Users/tyouree/Documents/workspace/terasoluna-tourreservation/terasoluna-tourreservation-domain/src/generated/java added.
2022-05-07 00:26:12,429 [Worker-45: ビルド] INFO  o.e.m.c.i.embedder.EclipseLogger - Using 'UTF-8' encoding to copy filtered resources.
2022-05-07 00:26:12,429 [Worker-45: ビルド] INFO  o.e.m.c.i.embedder.EclipseLogger - Using 'UTF-8' encoding to copy filtered properties files.
2022-05-07 00:26:12,429 [Worker-45: ビルド] INFO  o.e.m.c.i.embedder.EclipseLogger - Copying 0 resource
2022-05-07 00:26:12,429 [Worker-45: ビルド] INFO  o.e.m.c.i.embedder.EclipseLogger - skip non existing resourceDirectory /Users/tyouree/Documents/workspace/terasoluna-tourreservation/terasoluna-tourreservation-domain/src/generated/resources
2022-05-07 00:26:12,430 [Worker-45: ビルド] INFO  o.e.m.c.i.embedder.EclipseLogger - Using 'UTF-8' encoding to copy filtered resources.
2022-05-07 00:26:12,430 [Worker-45: ビルド] INFO  o.e.m.c.i.embedder.EclipseLogger - Using 'UTF-8' encoding to copy filtered properties files.
2022-05-07 00:26:12,430 [Worker-45: ビルド] INFO  o.e.m.c.i.embedder.EclipseLogger - Copying 0 resource
2022-05-07 00:31:43,191 [Worker-50: プロジェクト terasoluna-tourreservation-web をビルド中] INFO  o.e.m.c.i.embedder.EclipseLogger - Source directory: /Users/tyouree/Documents/workspace/terasoluna-tourreservation/terasoluna-tourreservation-web/src/generated/java added.
2022-05-07 00:31:43,194 [Worker-50: プロジェクト terasoluna-tourreservation-web をビルド中] INFO  o.e.m.c.i.embedder.EclipseLogger - Using 'UTF-8' encoding to copy filtered resources.
2022-05-07 00:31:43,194 [Worker-50: プロジェクト terasoluna-tourreservation-web をビルド中] INFO  o.e.m.c.i.embedder.EclipseLogger - Using 'UTF-8' encoding to copy filtered properties files.
2022-05-07 00:31:43,194 [Worker-50: プロジェクト terasoluna-tourreservation-web をビルド中] INFO  o.e.m.c.i.embedder.EclipseLogger - Copying 11 resources
2022-05-07 00:31:43,205 [Worker-50: プロジェクト terasoluna-tourreservation-web をビルド中] INFO  o.e.m.c.i.embedder.EclipseLogger - skip non existing resourceDirectory /Users/tyouree/Documents/workspace/terasoluna-tourreservation/terasoluna-tourreservation-web/src/generated/resources
2022-05-07 00:31:43,207 [Worker-50: プロジェクト terasoluna-tourreservation-web をビルド中] INFO  o.e.m.c.i.embedder.EclipseLogger - Using 'UTF-8' encoding to copy filtered resources.
2022-05-07 00:31:43,207 [Worker-50: プロジェクト terasoluna-tourreservation-web をビルド中] INFO  o.e.m.c.i.embedder.EclipseLogger - Using 'UTF-8' encoding to copy filtered properties files.
2022-05-07 00:31:43,207 [Worker-50: プロジェクト terasoluna-tourreservation-web をビルド中] INFO  o.e.m.c.i.embedder.EclipseLogger - skip non existing resourceDirectory /Users/tyouree/Documents/workspace/terasoluna-tourreservation/terasoluna-tourreservation-web/src/test/resources
2022-05-07 00:32:28,117 [Worker-50: プロジェクト terasoluna-tourreservation-web をビルド中] INFO  o.e.m.c.i.embedder.EclipseLogger - Source directory: /Users/tyouree/Documents/workspace/terasoluna-tourreservation/terasoluna-tourreservation-web/src/generated/java added.
2022-05-07 00:32:28,119 [Worker-50: プロジェクト terasoluna-tourreservation-web をビルド中] INFO  o.e.m.c.i.embedder.EclipseLogger - Using 'UTF-8' encoding to copy filtered resources.
2022-05-07 00:32:28,119 [Worker-50: プロジェクト terasoluna-tourreservation-web をビルド中] INFO  o.e.m.c.i.embedder.EclipseLogger - Using 'UTF-8' encoding to copy filtered properties files.
2022-05-07 00:32:28,120 [Worker-50: プロジェクト terasoluna-tourreservation-web をビルド中] INFO  o.e.m.c.i.embedder.EclipseLogger - Copying 11 resources
2022-05-07 00:32:28,128 [Worker-50: プロジェクト terasoluna-tourreservation-web をビルド中] INFO  o.e.m.c.i.embedder.EclipseLogger - skip non existing resourceDirectory /Users/tyouree/Documents/workspace/terasoluna-tourreservation/terasoluna-tourreservation-web/src/generated/resources
2022-05-07 00:32:28,129 [Worker-50: プロジェクト terasoluna-tourreservation-web をビルド中] INFO  o.e.m.c.i.embedder.EclipseLogger - Using 'UTF-8' encoding to copy filtered resources.
2022-05-07 00:32:28,129 [Worker-50: プロジェクト terasoluna-tourreservation-web をビルド中] INFO  o.e.m.c.i.embedder.EclipseLogger - Using 'UTF-8' encoding to copy filtered properties files.
2022-05-07 00:32:28,129 [Worker-50: プロジェクト terasoluna-tourreservation-web をビルド中] INFO  o.e.m.c.i.embedder.EclipseLogger - skip non existing resourceDirectory /Users/tyouree/Documents/workspace/terasoluna-tourreservation/terasoluna-tourreservation-web/src/test/resources
2022-05-07 00:32:43,675 [Worker-50: ビルド] INFO  o.e.m.c.i.embedder.EclipseLogger - Source directory: /Users/tyouree/Documents/workspace/terasoluna-tourreservation/terasoluna-tourreservation-web/src/generated/java added.
2022-05-07 00:32:43,677 [Worker-50: ビルド] INFO  o.e.m.c.i.embedder.EclipseLogger - Using 'UTF-8' encoding to copy filtered resources.
2022-05-07 00:32:43,677 [Worker-50: ビルド] INFO  o.e.m.c.i.embedder.EclipseLogger - Using 'UTF-8' encoding to copy filtered properties files.
2022-05-07 00:32:43,677 [Worker-50: ビルド] INFO  o.e.m.c.i.embedder.EclipseLogger - Copying 0 resource
2022-05-07 00:32:43,677 [Worker-50: ビルド] INFO  o.e.m.c.i.embedder.EclipseLogger - skip non existing resourceDirectory /Users/tyouree/Documents/workspace/terasoluna-tourreservation/terasoluna-tourreservation-web/src/generated/resources
2022-05-07 00:32:43,678 [Worker-50: ビルド] INFO  o.e.m.c.i.embedder.EclipseLogger - Using 'UTF-8' encoding to copy filtered resources.
2022-05-07 00:32:43,678 [Worker-50: ビルド] INFO  o.e.m.c.i.embedder.EclipseLogger - Using 'UTF-8' encoding to copy filtered properties files.
2022-05-07 00:32:43,678 [Worker-50: ビルド] INFO  o.e.m.c.i.embedder.EclipseLogger - skip non existing resourceDirectory /Users/tyouree/Documents/workspace/terasoluna-tourreservation/terasoluna-tourreservation-web/src/test/resources
2022-05-07 01:16:58,322 [Worker-59: reload maven project] INFO  o.e.m.c.i.p.WorkspaceClassifierResolverManager - Resolving P/javaweb-domain: com.example.javaweb:javaweb-domain:1.0.0-SNAPSHOT with classifier  to /javaweb-domain/target/classes
2022-05-07 01:16:58,329 [Worker-59: reload maven project] INFO  o.e.m.c.i.p.WorkspaceClassifierResolverManager - Resolving P/javaweb-env: com.example.javaweb:javaweb-env:1.0.0-SNAPSHOT with classifier  to /javaweb-env/target/classes
2022-05-07 01:17:10,267 [Worker-60: ビルド] INFO  o.e.m.c.i.embedder.EclipseLogger - Source directory: /Users/tyouree/Documents/workspace/javaapp/javaweb/javaweb-web/src/generated/java added.
2022-05-07 01:17:10,269 [Worker-60: ビルド] INFO  o.e.m.c.i.embedder.EclipseLogger - Using 'UTF-8' encoding to copy filtered resources.
2022-05-07 01:17:10,269 [Worker-60: ビルド] INFO  o.e.m.c.i.embedder.EclipseLogger - Using 'UTF-8' encoding to copy filtered properties files.
2022-05-07 01:17:10,269 [Worker-60: ビルド] INFO  o.e.m.c.i.embedder.EclipseLogger - Copying 0 resource
2022-05-07 01:17:10,269 [Worker-60: ビルド] INFO  o.e.m.c.i.embedder.EclipseLogger - skip non existing resourceDirectory /Users/tyouree/Documents/workspace/javaapp/javaweb/javaweb-web/src/generated/resources
2022-05-07 01:17:10,270 [Worker-60: ビルド] INFO  o.e.m.c.i.embedder.EclipseLogger - Using 'UTF-8' encoding to copy filtered resources.
2022-05-07 01:17:10,270 [Worker-60: ビルド] INFO  o.e.m.c.i.embedder.EclipseLogger - Using 'UTF-8' encoding to copy filtered properties files.
2022-05-07 01:17:10,270 [Worker-60: ビルド] INFO  o.e.m.c.i.embedder.EclipseLogger - Copying 0 resource
2022-05-07 01:24:08,423 [Worker-66: ビルド] INFO  o.e.m.c.i.embedder.EclipseLogger - Source directory: /Users/tyouree/Documents/workspace/javaapp/javaweb/javaweb-web/src/generated/java added.
2022-05-07 01:24:08,425 [Worker-66: ビルド] INFO  o.e.m.c.i.embedder.EclipseLogger - Using 'UTF-8' encoding to copy filtered resources.
2022-05-07 01:24:08,425 [Worker-66: ビルド] INFO  o.e.m.c.i.embedder.EclipseLogger - Using 'UTF-8' encoding to copy filtered properties files.
2022-05-07 01:24:08,425 [Worker-66: ビルド] INFO  o.e.m.c.i.embedder.EclipseLogger - Copying 0 resource
2022-05-07 01:24:08,425 [Worker-66: ビルド] INFO  o.e.m.c.i.embedder.EclipseLogger - skip non existing resourceDirectory /Users/tyouree/Documents/workspace/javaapp/javaweb/javaweb-web/src/generated/resources
2022-05-07 01:24:08,426 [Worker-66: ビルド] INFO  o.e.m.c.i.embedder.EclipseLogger - Using 'UTF-8' encoding to copy filtered resources.
2022-05-07 01:24:08,426 [Worker-66: ビルド] INFO  o.e.m.c.i.embedder.EclipseLogger - Using 'UTF-8' encoding to copy filtered properties files.
2022-05-07 01:24:08,426 [Worker-66: ビルド] INFO  o.e.m.c.i.embedder.EclipseLogger - Copying 0 resource
